Build started at 2025-11-11T16:59:08.762005
Main binary: /usr/bin/python3
Build Options: -Dprefix=/home/pi/CaveBot-ros/install/libcamera -Dlibdir=lib -Dbuildtype=release
Python system: Linux
The Meson build system
Version: 1.3.2
Source dir: /home/pi/CaveBot-ros/src/libcamera
Build dir: /home/pi/CaveBot-ros/build/libcamera
Build type: native build
Project name: libcamera
Project version: 0.5.2
-----------
Detecting compiler via: `cc --version` -> 0
stdout:
cc (Ubuntu 13.3.0-6ubuntu2~24.04) 13.3.0
Copyright (C) 2023 Free Software Foundation, Inc.
This is free software; see the source for copying conditions.  There is NO
warranty; not even for MERCHANTABILITY or FITNESS FOR A PARTICULAR PURPOSE.
-----------
Running command: cc -E -dM -
-----
-----------
Detecting linker via: `cc -Wl,--version` -> 0
stdout:
GNU ld (GNU Binutils for Ubuntu) 2.42
Copyright (C) 2024 Free Software Foundation, Inc.
This program is free software; you may redistribute it under the terms of
the GNU General Public License version 3 or (at your option) a later version.
This program has absolutely no warranty.
-----------
stderr:
collect2 version 13.3.0
/usr/bin/ld -plugin /usr/libexec/gcc/aarch64-linux-gnu/13/liblto_plugin.so -plugin-opt=/usr/libexec/gcc/aarch64-linux-gnu/13/lto-wrapper -plugin-opt=-fresolution=/tmp/ccaulDWg.res -plugin-opt=-pass-through=-lgcc -plugin-opt=-pass-through=-lgcc_s -plugin-opt=-pass-through=-lc -plugin-opt=-pass-through=-lgcc -plugin-opt=-pass-through=-lgcc_s --build-id --eh-frame-hdr --hash-style=gnu --as-needed -dynamic-linker /lib/ld-linux-aarch64.so.1 -X -EL -maarch64linux --fix-cortex-a53-843419 -pie -z now -z relro /usr/lib/gcc/aarch64-linux-gnu/13/../../../aarch64-linux-gnu/Scrt1.o /usr/lib/gcc/aarch64-linux-gnu/13/../../../aarch64-linux-gnu/crti.o /usr/lib/gcc/aarch64-linux-gnu/13/crtbeginS.o -L/usr/lib/gcc/aarch64-linux-gnu/13 -L/usr/lib/gcc/aarch64-linux-gnu/13/../../../aarch64-linux-gnu -L/usr/lib/gcc/aarch64-linux-gnu/13/../../../../lib -L/lib/aarch64-linux-gnu -L/lib/../lib -L/usr/lib/aarch64-linux-gnu -L/usr/lib/../lib -L/usr/lib/gcc/aarch64-linux-gnu/13/../../.. --version -lgcc --push-state --as-needed -lgcc_s --pop-state -lc -lgcc --push-state --as-needed -lgcc_s --pop-state /usr/lib/gcc/aarch64-linux-gnu/13/crtendS.o /usr/lib/gcc/aarch64-linux-gnu/13/../../../aarch64-linux-gnu/crtn.o
-----------
Sanity testing C compiler: cc
Is cross compiler: False.
Sanity check compiler command line: cc sanitycheckc.c -o sanitycheckc.exe -D_FILE_OFFSET_BITS=64
Sanity check compile stdout:

-----
Sanity check compile stderr:

-----
Running test binary command:  /home/pi/CaveBot-ros/build/libcamera/meson-private/sanitycheckc.exe
C compiler for the host machine: cc (gcc 13.3.0 "cc (Ubuntu 13.3.0-6ubuntu2~24.04) 13.3.0")
C linker for the host machine: cc ld.bfd 2.42
-----------
Detecting archiver via: `gcc-ar --version` -> 0
stdout:
GNU ar (GNU Binutils for Ubuntu) 2.42
Copyright (C) 2024 Free Software Foundation, Inc.
This program is free software; you may redistribute it under the terms of
the GNU General Public License version 3 or (at your option) any later version.
This program has absolutely no warranty.
-----------
-----------
Detecting compiler via: `c++ --version` -> 0
stdout:
c++ (Ubuntu 13.3.0-6ubuntu2~24.04) 13.3.0
Copyright (C) 2023 Free Software Foundation, Inc.
This is free software; see the source for copying conditions.  There is NO
warranty; not even for MERCHANTABILITY or FITNESS FOR A PARTICULAR PURPOSE.
-----------
Running command: c++ -E -dM -
-----
-----------
Detecting linker via: `c++ -Wl,--version` -> 0
stdout:
GNU ld (GNU Binutils for Ubuntu) 2.42
Copyright (C) 2024 Free Software Foundation, Inc.
This program is free software; you may redistribute it under the terms of
the GNU General Public License version 3 or (at your option) a later version.
This program has absolutely no warranty.
-----------
stderr:
collect2 version 13.3.0
/usr/bin/ld -plugin /usr/libexec/gcc/aarch64-linux-gnu/13/liblto_plugin.so -plugin-opt=/usr/libexec/gcc/aarch64-linux-gnu/13/lto-wrapper -plugin-opt=-fresolution=/tmp/ccNLJVbV.res -plugin-opt=-pass-through=-lgcc_s -plugin-opt=-pass-through=-lgcc -plugin-opt=-pass-through=-lc -plugin-opt=-pass-through=-lgcc_s -plugin-opt=-pass-through=-lgcc --build-id --eh-frame-hdr --hash-style=gnu --as-needed -dynamic-linker /lib/ld-linux-aarch64.so.1 -X -EL -maarch64linux --fix-cortex-a53-843419 -pie -z now -z relro /usr/lib/gcc/aarch64-linux-gnu/13/../../../aarch64-linux-gnu/Scrt1.o /usr/lib/gcc/aarch64-linux-gnu/13/../../../aarch64-linux-gnu/crti.o /usr/lib/gcc/aarch64-linux-gnu/13/crtbeginS.o -L/usr/lib/gcc/aarch64-linux-gnu/13 -L/usr/lib/gcc/aarch64-linux-gnu/13/../../../aarch64-linux-gnu -L/usr/lib/gcc/aarch64-linux-gnu/13/../../../../lib -L/lib/aarch64-linux-gnu -L/lib/../lib -L/usr/lib/aarch64-linux-gnu -L/usr/lib/../lib -L/usr/lib/gcc/aarch64-linux-gnu/13/../../.. --version -lstdc++ -lm -lgcc_s -lgcc -lc -lgcc_s -lgcc /usr/lib/gcc/aarch64-linux-gnu/13/crtendS.o /usr/lib/gcc/aarch64-linux-gnu/13/../../../aarch64-linux-gnu/crtn.o
-----------
Sanity testing C++ compiler: c++
Is cross compiler: False.
Sanity check compiler command line: c++ sanitycheckcpp.cc -o sanitycheckcpp.exe -D_FILE_OFFSET_BITS=64
Sanity check compile stdout:

-----
Sanity check compile stderr:

-----
Running test binary command:  /home/pi/CaveBot-ros/build/libcamera/meson-private/sanitycheckcpp.exe
C++ compiler for the host machine: c++ (gcc 13.3.0 "c++ (Ubuntu 13.3.0-6ubuntu2~24.04) 13.3.0")
C++ linker for the host machine: c++ ld.bfd 2.42
-----------
Detecting compiler via: `cc --version` -> 0
stdout:
cc (Ubuntu 13.3.0-6ubuntu2~24.04) 13.3.0
Copyright (C) 2023 Free Software Foundation, Inc.
This is free software; see the source for copying conditions.  There is NO
warranty; not even for MERCHANTABILITY or FITNESS FOR A PARTICULAR PURPOSE.
-----------
Running command: cc -E -dM -
-----
-----------
Detecting linker via: `cc -Wl,--version` -> 0
stdout:
GNU ld (GNU Binutils for Ubuntu) 2.42
Copyright (C) 2024 Free Software Foundation, Inc.
This program is free software; you may redistribute it under the terms of
the GNU General Public License version 3 or (at your option) a later version.
This program has absolutely no warranty.
-----------
stderr:
collect2 version 13.3.0
/usr/bin/ld -plugin /usr/libexec/gcc/aarch64-linux-gnu/13/liblto_plugin.so -plugin-opt=/usr/libexec/gcc/aarch64-linux-gnu/13/lto-wrapper -plugin-opt=-fresolution=/tmp/cchKjELS.res -plugin-opt=-pass-through=-lgcc -plugin-opt=-pass-through=-lgcc_s -plugin-opt=-pass-through=-lc -plugin-opt=-pass-through=-lgcc -plugin-opt=-pass-through=-lgcc_s --build-id --eh-frame-hdr --hash-style=gnu --as-needed -dynamic-linker /lib/ld-linux-aarch64.so.1 -X -EL -maarch64linux --fix-cortex-a53-843419 -pie -z now -z relro /usr/lib/gcc/aarch64-linux-gnu/13/../../../aarch64-linux-gnu/Scrt1.o /usr/lib/gcc/aarch64-linux-gnu/13/../../../aarch64-linux-gnu/crti.o /usr/lib/gcc/aarch64-linux-gnu/13/crtbeginS.o -L/usr/lib/gcc/aarch64-linux-gnu/13 -L/usr/lib/gcc/aarch64-linux-gnu/13/../../../aarch64-linux-gnu -L/usr/lib/gcc/aarch64-linux-gnu/13/../../../../lib -L/lib/aarch64-linux-gnu -L/lib/../lib -L/usr/lib/aarch64-linux-gnu -L/usr/lib/../lib -L/usr/lib/gcc/aarch64-linux-gnu/13/../../.. --version -lgcc --push-state --as-needed -lgcc_s --pop-state -lc -lgcc --push-state --as-needed -lgcc_s --pop-state /usr/lib/gcc/aarch64-linux-gnu/13/crtendS.o /usr/lib/gcc/aarch64-linux-gnu/13/../../../aarch64-linux-gnu/crtn.o
-----------
Sanity testing C compiler: cc
Is cross compiler: False.
Sanity check compiler command line: cc sanitycheckc.c -o sanitycheckc.exe -D_FILE_OFFSET_BITS=64
Sanity check compile stdout:

-----
Sanity check compile stderr:

-----
Running test binary command:  /home/pi/CaveBot-ros/build/libcamera/meson-private/sanitycheckc.exe
C compiler for the build machine: cc (gcc 13.3.0 "cc (Ubuntu 13.3.0-6ubuntu2~24.04) 13.3.0")
C linker for the build machine: cc ld.bfd 2.42
-----------
Detecting archiver via: `gcc-ar --version` -> 0
stdout:
GNU ar (GNU Binutils for Ubuntu) 2.42
Copyright (C) 2024 Free Software Foundation, Inc.
This program is free software; you may redistribute it under the terms of
the GNU General Public License version 3 or (at your option) any later version.
This program has absolutely no warranty.
-----------
-----------
Detecting compiler via: `c++ --version` -> 0
stdout:
c++ (Ubuntu 13.3.0-6ubuntu2~24.04) 13.3.0
Copyright (C) 2023 Free Software Foundation, Inc.
This is free software; see the source for copying conditions.  There is NO
warranty; not even for MERCHANTABILITY or FITNESS FOR A PARTICULAR PURPOSE.
-----------
Running command: c++ -E -dM -
-----
-----------
Detecting linker via: `c++ -Wl,--version` -> 0
stdout:
GNU ld (GNU Binutils for Ubuntu) 2.42
Copyright (C) 2024 Free Software Foundation, Inc.
This program is free software; you may redistribute it under the terms of
the GNU General Public License version 3 or (at your option) a later version.
This program has absolutely no warranty.
-----------
stderr:
collect2 version 13.3.0
/usr/bin/ld -plugin /usr/libexec/gcc/aarch64-linux-gnu/13/liblto_plugin.so -plugin-opt=/usr/libexec/gcc/aarch64-linux-gnu/13/lto-wrapper -plugin-opt=-fresolution=/tmp/cczjC5CI.res -plugin-opt=-pass-through=-lgcc_s -plugin-opt=-pass-through=-lgcc -plugin-opt=-pass-through=-lc -plugin-opt=-pass-through=-lgcc_s -plugin-opt=-pass-through=-lgcc --build-id --eh-frame-hdr --hash-style=gnu --as-needed -dynamic-linker /lib/ld-linux-aarch64.so.1 -X -EL -maarch64linux --fix-cortex-a53-843419 -pie -z now -z relro /usr/lib/gcc/aarch64-linux-gnu/13/../../../aarch64-linux-gnu/Scrt1.o /usr/lib/gcc/aarch64-linux-gnu/13/../../../aarch64-linux-gnu/crti.o /usr/lib/gcc/aarch64-linux-gnu/13/crtbeginS.o -L/usr/lib/gcc/aarch64-linux-gnu/13 -L/usr/lib/gcc/aarch64-linux-gnu/13/../../../aarch64-linux-gnu -L/usr/lib/gcc/aarch64-linux-gnu/13/../../../../lib -L/lib/aarch64-linux-gnu -L/lib/../lib -L/usr/lib/aarch64-linux-gnu -L/usr/lib/../lib -L/usr/lib/gcc/aarch64-linux-gnu/13/../../.. --version -lstdc++ -lm -lgcc_s -lgcc -lc -lgcc_s -lgcc /usr/lib/gcc/aarch64-linux-gnu/13/crtendS.o /usr/lib/gcc/aarch64-linux-gnu/13/../../../aarch64-linux-gnu/crtn.o
-----------
Sanity testing C++ compiler: c++
Is cross compiler: False.
Sanity check compiler command line: c++ sanitycheckcpp.cc -o sanitycheckcpp.exe -D_FILE_OFFSET_BITS=64
Sanity check compile stdout:

-----
Sanity check compile stderr:

-----
Running test binary command:  /home/pi/CaveBot-ros/build/libcamera/meson-private/sanitycheckcpp.exe
C++ compiler for the build machine: c++ (gcc 13.3.0 "c++ (Ubuntu 13.3.0-6ubuntu2~24.04) 13.3.0")
C++ linker for the build machine: c++ ld.bfd 2.42
Build machine cpu family: aarch64
Build machine cpu: aarch64
Host machine cpu family: aarch64
Host machine cpu: aarch64
Target machine cpu family: aarch64
Target machine cpu: aarch64
Running command: /home/pi/CaveBot-ros/src/libcamera/utils/gen-version.sh /home/pi/CaveBot-ros/build/libcamera /home/pi/CaveBot-ros/src/libcamera
--- stdout ---
0.5.2+99-bfd68f78

--- stderr ---


Running compile:
Working directory:  /home/pi/CaveBot-ros/build/libcamera/meson-private/tmpiw30hq_l
Code:
 #define _GNU_SOURCE
        #include <unistd.h>
        int main(void) {
            /* If it's not defined as a macro, try to use as a symbol */
            #ifndef close_range
                close_range;
            #endif
            return 0;
        }
-----------
Command line: `cc /home/pi/CaveBot-ros/build/libcamera/meson-private/tmpiw30hq_l/testfile.c -o /home/pi/CaveBot-ros/build/libcamera/meson-private/tmpiw30hq_l/output.obj -c -D_FILE_OFFSET_BITS=64 -O0` -> 0
Header "unistd.h" has symbol "close_range" : YES 
Running compile:
Working directory:  /home/pi/CaveBot-ros/build/libcamera/meson-private/tmpxza2tcjp
Code:
 #define _GNU_SOURCE
        #include <fcntl.h>
        int main(void) {
            /* If it's not defined as a macro, try to use as a symbol */
            #ifndef F_ADD_SEALS
                F_ADD_SEALS;
            #endif
            return 0;
        }
-----------
Command line: `cc /home/pi/CaveBot-ros/build/libcamera/meson-private/tmpxza2tcjp/testfile.c -o /home/pi/CaveBot-ros/build/libcamera/meson-private/tmpxza2tcjp/output.obj -c -D_FILE_OFFSET_BITS=64 -O0` -> 0
Header "fcntl.h" has symbol "F_ADD_SEALS" : YES 
Running compile:
Working directory:  /home/pi/CaveBot-ros/build/libcamera/meson-private/tmpger0n031
Code:
 
        #include <unistd.h>
        int main(void) {
            /* If it's not defined as a macro, try to use as a symbol */
            #ifndef issetugid
                issetugid;
            #endif
            return 0;
        }
-----------
Command line: `cc /home/pi/CaveBot-ros/build/libcamera/meson-private/tmpger0n031/testfile.c -o /home/pi/CaveBot-ros/build/libcamera/meson-private/tmpger0n031/output.obj -c -D_FILE_OFFSET_BITS=64 -O0` -> 1
stderr:
/home/pi/CaveBot-ros/build/libcamera/meson-private/tmpger0n031/testfile.c: In function 'main':
/home/pi/CaveBot-ros/build/libcamera/meson-private/tmpger0n031/testfile.c:6:17: error: 'issetugid' undeclared (first use in this function); did you mean 'setegid'?
    6 |                 issetugid;
      |                 ^~~~~~~~~
      |                 setegid
/home/pi/CaveBot-ros/build/libcamera/meson-private/tmpger0n031/testfile.c:6:17: note: each undeclared identifier is reported only once for each function it appears in
-----------
Header "unistd.h" has symbol "issetugid" : NO 
Running compile:
Working directory:  /home/pi/CaveBot-ros/build/libcamera/meson-private/tmpeirb1k27
Code:
 #define _GNU_SOURCE
        #include <locale.h>
        int main(void) {
            /* If it's not defined as a macro, try to use as a symbol */
            #ifndef locale_t
                locale_t;
            #endif
            return 0;
        }
-----------
Command line: `cc /home/pi/CaveBot-ros/build/libcamera/meson-private/tmpeirb1k27/testfile.c -o /home/pi/CaveBot-ros/build/libcamera/meson-private/tmpeirb1k27/output.obj -c -D_FILE_OFFSET_BITS=64 -O0` -> 0
stderr:
/home/pi/CaveBot-ros/build/libcamera/meson-private/tmpeirb1k27/testfile.c: In function 'main':
/home/pi/CaveBot-ros/build/libcamera/meson-private/tmpeirb1k27/testfile.c:6:17: warning: useless type name in empty declaration
    6 |                 locale_t;
      |                 ^~~~~~~~
-----------
Header "locale.h" has symbol "locale_t" : YES 
Running compile:
Working directory:  /home/pi/CaveBot-ros/build/libcamera/meson-private/tmp9kk22tnw
Code:
 #define _GNU_SOURCE
        #include <sys/mman.h>
        int main(void) {
            /* If it's not defined as a macro, try to use as a symbol */
            #ifndef memfd_create
                memfd_create;
            #endif
            return 0;
        }
-----------
Command line: `cc /home/pi/CaveBot-ros/build/libcamera/meson-private/tmp9kk22tnw/testfile.c -o /home/pi/CaveBot-ros/build/libcamera/meson-private/tmp9kk22tnw/output.obj -c -D_FILE_OFFSET_BITS=64 -O0` -> 0
Header "sys/mman.h" has symbol "memfd_create" : YES 
Running compile:
Working directory:  /home/pi/CaveBot-ros/build/libcamera/meson-private/tmp6f515lwq
Code:
 
#include <sys/ioctl.h>
int ioctl (int, int, ...);

-----------
Command line: `cc /home/pi/CaveBot-ros/build/libcamera/meson-private/tmp6f515lwq/testfile.c -o /home/pi/CaveBot-ros/build/libcamera/meson-private/tmp6f515lwq/output.obj -c -D_FILE_OFFSET_BITS=64 -O0` -> 1
stderr:
/home/pi/CaveBot-ros/build/libcamera/meson-private/tmp6f515lwq/testfile.c:3:5: error: conflicting types for 'ioctl'; have 'int(int,  int, ...)'
    3 | int ioctl (int, int, ...);
      |     ^~~~~
In file included from /home/pi/CaveBot-ros/build/libcamera/meson-private/tmp6f515lwq/testfile.c:2:
/usr/include/aarch64-linux-gnu/sys/ioctl.h:42:12: note: previous declaration of 'ioctl' with type 'int(int,  long unsigned int, ...)'
   42 | extern int ioctl (int __fd, unsigned long int __request, ...) __THROW;
      |            ^~~~~
-----------
Running compile:
Working directory:  /home/pi/CaveBot-ros/build/libcamera/meson-private/tmp3ftim9su
Code:
 #define _GNU_SOURCE
        #include <stdlib.h>
        int main(void) {
            /* If it's not defined as a macro, try to use as a symbol */
            #ifndef secure_getenv
                secure_getenv;
            #endif
            return 0;
        }
-----------
Command line: `cc /home/pi/CaveBot-ros/build/libcamera/meson-private/tmp3ftim9su/testfile.c -o /home/pi/CaveBot-ros/build/libcamera/meson-private/tmp3ftim9su/output.obj -c -D_FILE_OFFSET_BITS=64 -O0` -> 0
Header "stdlib.h" has symbol "secure_getenv" : YES 
Running compile:
Working directory:  /home/pi/CaveBot-ros/build/libcamera/meson-private/tmpafseelw6
Code:
 extern int i;
int i;

-----------
Command line: `cc /home/pi/CaveBot-ros/build/libcamera/meson-private/tmpafseelw6/testfile.c -o /home/pi/CaveBot-ros/build/libcamera/meson-private/tmpafseelw6/output.obj -c -D_FILE_OFFSET_BITS=64 -O0 -Wc99-designator -Wno-c99-designator` -> 1
stderr:
cc: error: unrecognized command-line option '-Wc99-designator'
-----------
Compiler for C supports arguments -Wno-c99-designator: NO 
Pkg-config binary missing from cross or native file, or env var undefined.
Trying a default Pkg-config fallback at pkg-config
Found pkg-config: YES (/usr/bin/pkg-config) 1.8.1
Determining dependency 'lttng-ust' with pkg-config executable '/usr/bin/pkg-config'
env[PKG_CONFIG_PATH]: 
env[PKG_CONFIG]: /usr/bin/pkg-config
-----------
Called: `/usr/bin/pkg-config --modversion lttng-ust` -> 0
stdout:
2.13.7
-----------
env[PKG_CONFIG_PATH]: 
env[PKG_CONFIG]: /usr/bin/pkg-config
-----------
Called: `/usr/bin/pkg-config --cflags lttng-ust` -> 0
stdout:
-I/usr/include/aarch64-linux-gnu
-----------
env[PKG_CONFIG_ALLOW_SYSTEM_LIBS]: 1
env[PKG_CONFIG_PATH]: 
env[PKG_CONFIG]: /usr/bin/pkg-config
-----------
Called: `/usr/bin/pkg-config --libs lttng-ust` -> 0
stdout:
-L/usr/lib/aarch64-linux-gnu -llttng-ust -llttng-ust-common -ldl
-----------
env[PKG_CONFIG_PATH]: 
env[PKG_CONFIG]: /usr/bin/pkg-config
-----------
Called: `/usr/bin/pkg-config --libs lttng-ust` -> 0
stdout:
-llttng-ust -llttng-ust-common -ldl
-----------
Running compile:
Working directory:  /home/pi/CaveBot-ros/build/libcamera/meson-private/tmpzea_uv1f
Code:
 
        #include<stddef.h>
        #include<stdio.h>
        int main(void) {
            printf("%ld\n", (long)(sizeof(void *)));
            return 0;
        }
-----------
Command line: `c++ /home/pi/CaveBot-ros/build/libcamera/meson-private/tmpzea_uv1f/testfile.cpp -o /home/pi/CaveBot-ros/build/libcamera/meson-private/tmpzea_uv1f/output.exe -D_FILE_OFFSET_BITS=64 -O0 -fpermissive` -> 0
Program stdout:

8

Program stderr:


Running compile:
Working directory:  /home/pi/CaveBot-ros/build/libcamera/meson-private/tmpftayqdxw
Code:
 
-----------
Command line: `c++ /home/pi/CaveBot-ros/build/libcamera/meson-private/tmpftayqdxw/testfile.cpp -o /home/pi/CaveBot-ros/build/libcamera/meson-private/tmpftayqdxw/output.obj -c -D_FILE_OFFSET_BITS=64 -O0 -fpermissive --print-search-dirs` -> 0
stdout:
install: /usr/lib/gcc/aarch64-linux-gnu/13/
programs: =/usr/libexec/gcc/aarch64-linux-gnu/13/:/usr/libexec/gcc/aarch64-linux-gnu/13/:/usr/libexec/gcc/aarch64-linux-gnu/:/usr/lib/gcc/aarch64-linux-gnu/13/:/usr/lib/gcc/aarch64-linux-gnu/:/usr/lib/gcc/aarch64-linux-gnu/13/../../../../aarch64-linux-gnu/bin/aarch64-linux-gnu/13/:/usr/lib/gcc/aarch64-linux-gnu/13/../../../../aarch64-linux-gnu/bin/aarch64-linux-gnu/:/usr/lib/gcc/aarch64-linux-gnu/13/../../../../aarch64-linux-gnu/bin/
libraries: =/usr/lib/gcc/aarch64-linux-gnu/13/:/usr/lib/gcc/aarch64-linux-gnu/13/../../../../aarch64-linux-gnu/lib/aarch64-linux-gnu/13/:/usr/lib/gcc/aarch64-linux-gnu/13/../../../../aarch64-linux-gnu/lib/aarch64-linux-gnu/:/usr/lib/gcc/aarch64-linux-gnu/13/../../../../aarch64-linux-gnu/lib/../lib/:/usr/lib/gcc/aarch64-linux-gnu/13/../../../aarch64-linux-gnu/13/:/usr/lib/gcc/aarch64-linux-gnu/13/../../../aarch64-linux-gnu/:/usr/lib/gcc/aarch64-linux-gnu/13/../../../../lib/:/lib/aarch64-linux-gnu/13/:/lib/aarch64-linux-gnu/:/lib/../lib/:/usr/lib/aarch64-linux-gnu/13/:/usr/lib/aarch64-linux-gnu/:/usr/lib/../lib/:/usr/lib/gcc/aarch64-linux-gnu/13/../../../../aarch64-linux-gnu/lib/:/usr/lib/gcc/aarch64-linux-gnu/13/../../../:/lib/:/usr/lib/
-----------
Running compile:
Working directory:  /home/pi/CaveBot-ros/build/libcamera/meson-private/tmp2vd8rbqy
Code:
 int main(void) { return 0; }

-----------
Command line: `c++ /home/pi/CaveBot-ros/build/libcamera/meson-private/tmp2vd8rbqy/testfile.cpp -o /home/pi/CaveBot-ros/build/libcamera/meson-private/tmp2vd8rbqy/output.exe -D_FILE_OFFSET_BITS=64 -O0 -fpermissive -Wl,--start-group -ldl -Wl,--end-group -Wl,--allow-shlib-undefined` -> 0
Run-time dependency lttng-ust found: YES 2.13.7
Program ./parser.py found: YES (/home/pi/CaveBot-ros/src/libcamera/utils/codegen/ipc/./parser.py)
Program ./generate.py found: YES (/home/pi/CaveBot-ros/src/libcamera/utils/codegen/ipc/./generate.py)
Program ./extract-docs.py found: YES (/home/pi/CaveBot-ros/src/libcamera/utils/codegen/ipc/./extract-docs.py)
Configuring version.h using configuration
Program openssl found: YES (/usr/bin/openssl)
Determining dependency 'libyuv' with pkg-config executable '/usr/bin/pkg-config'
env[PKG_CONFIG_PATH]: 
env[PKG_CONFIG]: /usr/bin/pkg-config
-----------
Called: `/usr/bin/pkg-config --modversion libyuv` -> 1
stderr:
Package libyuv was not found in the pkg-config search path.
Perhaps you should add the directory containing `libyuv.pc'
to the PKG_CONFIG_PATH environment variable
Package 'libyuv', required by 'virtual:world', not found
-----------
CMake binary for host machine is not cached
CMake binary missing from cross or native file, or env var undefined.
Trying a default CMake fallback at cmake
Found CMake: /usr/bin/cmake (3.28.3)
Extracting basic cmake information
CMake Toolchain: Calling CMake once to generate the compiler state
Calling CMake (['/usr/bin/cmake']) in /home/pi/CaveBot-ros/build/libcamera/meson-private/__CMake_compiler_info__ with:
  - "--trace-expand"
  - "--trace-format=json-v1"
  - "--no-warn-unused-cli"
  - "--trace-redirect=cmake_trace.txt"
  - "-G"
  - "Ninja"
  - "-DCMAKE_TOOLCHAIN_FILE=/home/pi/CaveBot-ros/build/libcamera/meson-private/__CMake_compiler_info__/CMakeMesonTempToolchainFile.cmake"
  - "."
  - "-DCMAKE_PREFIX_PATH=/opt/ros/jazzy/opt/gz_math_vendor;/opt/ros/jazzy/opt/gz_utils_vendor;/opt/ros/jazzy/opt/gz_cmake_vendor"
CMake trace warning: add_executable() non imported executables are not supported
CMake TRACE: /home/pi/CaveBot-ros/build/libcamera/meson-private/__CMake_compiler_info__/CMakeFiles/CMakeScratch/TryCompile-qyXYVw/CMakeLists.txt:21 add_executable(['cmTC_58dc7'])
CMake trace warning: target_link_options() TARGET cmTC_58dc7 not found
CMake TRACE: /home/pi/CaveBot-ros/build/libcamera/meson-private/__CMake_compiler_info__/CMakeFiles/CMakeScratch/TryCompile-qyXYVw/CMakeLists.txt:27 target_link_libraries(['cmTC_58dc7', ''])
CMake trace warning: add_executable() non imported executables are not supported
CMake TRACE: /home/pi/CaveBot-ros/build/libcamera/meson-private/__CMake_compiler_info__/CMakeFiles/CMakeScratch/TryCompile-dQ6ZLN/CMakeLists.txt:21 add_executable(['cmTC_94d25'])
CMake trace warning: target_link_options() TARGET cmTC_94d25 not found
CMake TRACE: /home/pi/CaveBot-ros/build/libcamera/meson-private/__CMake_compiler_info__/CMakeFiles/CMakeScratch/TryCompile-dQ6ZLN/CMakeLists.txt:27 target_link_libraries(['cmTC_94d25', ''])
Try CMake generator: auto
Calling CMake (['/usr/bin/cmake']) in /home/pi/CaveBot-ros/build/libcamera/meson-private/cmake_libyuv with:
  - "--trace-expand"
  - "--trace-format=json-v1"
  - "--no-warn-unused-cli"
  - "--trace-redirect=cmake_trace.txt"
  - "-DCMAKE_TOOLCHAIN_FILE=/home/pi/CaveBot-ros/build/libcamera/meson-private/cmake_libyuv/CMakeMesonToolchainFile.cmake"
  - "."
  - "-DCMAKE_PREFIX_PATH=/opt/ros/jazzy/opt/gz_math_vendor;/opt/ros/jazzy/opt/gz_utils_vendor;/opt/ros/jazzy/opt/gz_cmake_vendor"
  -- Module search paths:    ['/', '/opt', '/opt/ros/jazzy/opt/gz_cmake_vendor', '/opt/ros/jazzy/opt/gz_math_vendor', '/opt/ros/jazzy/opt/gz_utils_vendor', '/usr', '/usr/local']
  -- CMake root:             /usr/share/cmake-3.28
  -- CMake architectures:    ['aarch64-linux-gnu']
  -- CMake lib search paths: ['lib', 'lib32', 'lib64', 'libx32', 'share', '', 'lib/aarch64-linux-gnu']
Preliminary CMake check failed. Aborting.
Run-time dependency libyuv found: NO (tried pkgconfig and cmake)
Running compile:
Working directory:  /tmp/tmpbvc0choa
Code:
 int i = static_cast<int>(0);
-----------
Command line: `c++ /tmp/tmpbvc0choa/testfile.cpp -o /tmp/tmpbvc0choa/output.obj -D_FILE_OFFSET_BITS=64 -c -std=c++17` -> 0
Compiler accepts -std=c++17: YES
Running compile:
Working directory:  /home/pi/CaveBot-ros/build/libcamera/meson-private/tmpyii4i73z
Code:
 
        #ifdef __has_include
         #if !__has_include("libyuv.h")
          #error "Header 'libyuv.h' could not be found"
         #endif
        #else
         #include <libyuv.h>
        #endif
-----------
Command line: `c++ /home/pi/CaveBot-ros/build/libcamera/meson-private/tmpyii4i73z/testfile.cpp -E -P -D_FILE_OFFSET_BITS=64 -P -O0 -fpermissive -std=c++17` -> 1
stderr:
/home/pi/CaveBot-ros/build/libcamera/meson-private/tmpyii4i73z/testfile.cpp:4:12: error: #error "Header 'libyuv.h' could not be found"
    4 |           #error "Header 'libyuv.h' could not be found"
      |            ^~~~~
-----------
Has header "libyuv.h" : NO 
Running compile:
Working directory:  /home/pi/CaveBot-ros/build/libcamera/meson-private/tmp2fdyiore
Code:
 int main(void) { return 0; }

-----------
Command line: `cc /home/pi/CaveBot-ros/build/libcamera/meson-private/tmp2fdyiore/testfile.c -o /home/pi/CaveBot-ros/build/libcamera/meson-private/tmp2fdyiore/output.exe -D_FILE_OFFSET_BITS=64 -O0 -Wl,--start-group -latomic -Wl,--end-group -Wl,--allow-shlib-undefined` -> 0
Library atomic found: YES
Run-time dependency threads found: YES
Determining dependency 'libdw' with pkg-config executable '/usr/bin/pkg-config'
env[PKG_CONFIG_PATH]: 
env[PKG_CONFIG]: /usr/bin/pkg-config
-----------
Called: `/usr/bin/pkg-config --modversion libdw` -> 0
stdout:
0.190
-----------
env[PKG_CONFIG_PATH]: 
env[PKG_CONFIG]: /usr/bin/pkg-config
-----------
Called: `/usr/bin/pkg-config --cflags libdw` -> 0
env[PKG_CONFIG_ALLOW_SYSTEM_LIBS]: 1
env[PKG_CONFIG_PATH]: 
env[PKG_CONFIG]: /usr/bin/pkg-config
-----------
Called: `/usr/bin/pkg-config --libs libdw` -> 0
stdout:
-L/usr/lib/aarch64-linux-gnu -ldw -lelf
-----------
env[PKG_CONFIG_PATH]: 
env[PKG_CONFIG]: /usr/bin/pkg-config
-----------
Called: `/usr/bin/pkg-config --libs libdw` -> 0
stdout:
-ldw -lelf
-----------
Run-time dependency libdw found: YES 0.190
Determining dependency 'libunwind' with pkg-config executable '/usr/bin/pkg-config'
env[PKG_CONFIG_PATH]: 
env[PKG_CONFIG]: /usr/bin/pkg-config
-----------
Called: `/usr/bin/pkg-config --modversion libunwind` -> 0
stdout:
1.6.2
-----------
env[PKG_CONFIG_PATH]: 
env[PKG_CONFIG]: /usr/bin/pkg-config
-----------
Called: `/usr/bin/pkg-config --cflags libunwind` -> 0
stdout:
-I/usr/include/aarch64-linux-gnu
-----------
env[PKG_CONFIG_ALLOW_SYSTEM_LIBS]: 1
env[PKG_CONFIG_PATH]: 
env[PKG_CONFIG]: /usr/bin/pkg-config
-----------
Called: `/usr/bin/pkg-config --libs libunwind` -> 0
stdout:
-L/usr/lib/aarch64-linux-gnu -lunwind
-----------
env[PKG_CONFIG_PATH]: 
env[PKG_CONFIG]: /usr/bin/pkg-config
-----------
Called: `/usr/bin/pkg-config --libs libunwind` -> 0
stdout:
-lunwind
-----------
Run-time dependency libunwind found: YES 1.6.2
Running compile:
Working directory:  /home/pi/CaveBot-ros/build/libcamera/meson-private/tmp0o7m6v9m
Code:
 
        #include <execinfo.h>
        int main(void) {
            /* If it's not defined as a macro, try to use as a symbol */
            #ifndef backtrace
                backtrace;
            #endif
            return 0;
        }
-----------
Command line: `cc /home/pi/CaveBot-ros/build/libcamera/meson-private/tmp0o7m6v9m/testfile.c -o /home/pi/CaveBot-ros/build/libcamera/meson-private/tmp0o7m6v9m/output.obj -c -D_FILE_OFFSET_BITS=64 -O0` -> 0
Header "execinfo.h" has symbol "backtrace" : YES 
Running compile:
Working directory:  /home/pi/CaveBot-ros/build/libcamera/meson-private/tmpshncuf9g
Code:
 int main(void) { return 0; }

-----------
Command line: `cc /home/pi/CaveBot-ros/build/libcamera/meson-private/tmpshncuf9g/testfile.c -o /home/pi/CaveBot-ros/build/libcamera/meson-private/tmpshncuf9g/output.exe -D_FILE_OFFSET_BITS=64 -O0 -Wl,--start-group -lrt -Wl,--end-group -Wl,--allow-shlib-undefined` -> 0
Library rt found: YES
Determining dependency 'libpisp' with pkg-config executable '/usr/bin/pkg-config'
env[PKG_CONFIG_PATH]: 
env[PKG_CONFIG]: /usr/bin/pkg-config
-----------
Called: `/usr/bin/pkg-config --modversion libpisp` -> 0
stdout:
1.2.1
-----------
env[PKG_CONFIG_PATH]: 
env[PKG_CONFIG]: /usr/bin/pkg-config
-----------
Called: `/usr/bin/pkg-config --cflags libpisp` -> 0
stdout:
-I/usr/local/include/libpisp
-----------
env[PKG_CONFIG_ALLOW_SYSTEM_LIBS]: 1
env[PKG_CONFIG_PATH]: 
env[PKG_CONFIG]: /usr/bin/pkg-config
-----------
Called: `/usr/bin/pkg-config --libs libpisp` -> 0
stdout:
-L/usr/local/lib/aarch64-linux-gnu -lpisp
-----------
env[PKG_CONFIG_PATH]: 
env[PKG_CONFIG]: /usr/bin/pkg-config
-----------
Called: `/usr/bin/pkg-config --libs libpisp` -> 0
stdout:
-L/usr/local/lib/aarch64-linux-gnu -lpisp
-----------
Run-time dependency libpisp found: YES 1.2.1
Running compile:
Working directory:  /home/pi/CaveBot-ros/build/libcamera/meson-private/tmpft89ef2l
Code:
 #include <dlfcn.h>
#include <limits.h>

        #if defined __stub_dlopen || defined __stub___dlopen
        fail fail fail this function is not going to work
        #endif
        
int main(void) {
            void *a = (void*) &dlopen;
            long long b = (long long) a;
            return (int) b;
        }
-----------
Command line: `c++ /home/pi/CaveBot-ros/build/libcamera/meson-private/tmpft89ef2l/testfile.cpp -o /home/pi/CaveBot-ros/build/libcamera/meson-private/tmpft89ef2l/output.exe -D_FILE_OFFSET_BITS=64 -O0 -fpermissive` -> 0
Run-time dependency dl found: YES
Determining dependency 'libudev' with pkg-config executable '/usr/bin/pkg-config'
env[PKG_CONFIG_PATH]: 
env[PKG_CONFIG]: /usr/bin/pkg-config
-----------
Called: `/usr/bin/pkg-config --modversion libudev` -> 0
stdout:
255
-----------
env[PKG_CONFIG_PATH]: 
env[PKG_CONFIG]: /usr/bin/pkg-config
-----------
Called: `/usr/bin/pkg-config --cflags libudev` -> 0
env[PKG_CONFIG_ALLOW_SYSTEM_LIBS]: 1
env[PKG_CONFIG_PATH]: 
env[PKG_CONFIG]: /usr/bin/pkg-config
-----------
Called: `/usr/bin/pkg-config --libs libudev` -> 0
stdout:
-L/usr/lib/aarch64-linux-gnu -ludev
-----------
env[PKG_CONFIG_PATH]: 
env[PKG_CONFIG]: /usr/bin/pkg-config
-----------
Called: `/usr/bin/pkg-config --libs libudev` -> 0
stdout:
-ludev
-----------
Run-time dependency libudev found: YES 255
Determining dependency 'yaml-0.1' with pkg-config executable '/usr/bin/pkg-config'
env[PKG_CONFIG_PATH]: 
env[PKG_CONFIG]: /usr/bin/pkg-config
-----------
Called: `/usr/bin/pkg-config --modversion yaml-0.1` -> 0
stdout:
0.2.5
-----------
env[PKG_CONFIG_PATH]: 
env[PKG_CONFIG]: /usr/bin/pkg-config
-----------
Called: `/usr/bin/pkg-config --cflags yaml-0.1` -> 0
env[PKG_CONFIG_ALLOW_SYSTEM_LIBS]: 1
env[PKG_CONFIG_PATH]: 
env[PKG_CONFIG]: /usr/bin/pkg-config
-----------
Called: `/usr/bin/pkg-config --libs yaml-0.1` -> 0
stdout:
-L/usr/lib/aarch64-linux-gnu -lyaml
-----------
env[PKG_CONFIG_PATH]: 
env[PKG_CONFIG]: /usr/bin/pkg-config
-----------
Called: `/usr/bin/pkg-config --libs yaml-0.1` -> 0
stdout:
-lyaml
-----------
Run-time dependency yaml-0.1 found: YES 0.2.5
Determining dependency 'gnutls' with pkg-config executable '/usr/bin/pkg-config'
env[PKG_CONFIG_PATH]: 
env[PKG_CONFIG]: /usr/bin/pkg-config
-----------
Called: `/usr/bin/pkg-config --modversion gnutls` -> 0
stdout:
3.8.3
-----------
env[PKG_CONFIG_PATH]: 
env[PKG_CONFIG]: /usr/bin/pkg-config
-----------
Called: `/usr/bin/pkg-config --cflags gnutls` -> 0
stdout:
-I/usr/include/p11-kit-1
-----------
env[PKG_CONFIG_ALLOW_SYSTEM_LIBS]: 1
env[PKG_CONFIG_PATH]: 
env[PKG_CONFIG]: /usr/bin/pkg-config
-----------
Called: `/usr/bin/pkg-config --libs gnutls` -> 0
stdout:
-L/usr/lib/aarch64-linux-gnu -lgnutls
-----------
env[PKG_CONFIG_PATH]: 
env[PKG_CONFIG]: /usr/bin/pkg-config
-----------
Called: `/usr/bin/pkg-config --libs gnutls` -> 0
stdout:
-lgnutls
-----------
Run-time dependency gnutls found: YES 3.8.3
Dependency libexif skipped: feature android disabled
Dependency libjpeg skipped: feature android disabled
Determining dependency 'libevent_pthreads' with pkg-config executable '/usr/bin/pkg-config'
env[PKG_CONFIG_PATH]: 
env[PKG_CONFIG]: /usr/bin/pkg-config
-----------
Called: `/usr/bin/pkg-config --modversion libevent_pthreads` -> 0
stdout:
2.1.12-stable
-----------
env[PKG_CONFIG_PATH]: 
env[PKG_CONFIG]: /usr/bin/pkg-config
-----------
Called: `/usr/bin/pkg-config --cflags libevent_pthreads` -> 0
env[PKG_CONFIG_ALLOW_SYSTEM_LIBS]: 1
env[PKG_CONFIG_PATH]: 
env[PKG_CONFIG]: /usr/bin/pkg-config
-----------
Called: `/usr/bin/pkg-config --libs libevent_pthreads` -> 0
stdout:
-L/usr/lib/aarch64-linux-gnu -levent_pthreads -levent
-----------
env[PKG_CONFIG_PATH]: 
env[PKG_CONFIG]: /usr/bin/pkg-config
-----------
Called: `/usr/bin/pkg-config --libs libevent_pthreads` -> 0
stdout:
-levent_pthreads -levent
-----------
Run-time dependency libevent_pthreads found: YES 2.1.12-stable
Determining dependency 'libtiff-4' with pkg-config executable '/usr/bin/pkg-config'
env[PKG_CONFIG_PATH]: 
env[PKG_CONFIG]: /usr/bin/pkg-config
-----------
Called: `/usr/bin/pkg-config --modversion libtiff-4` -> 0
stdout:
4.5.1
-----------
env[PKG_CONFIG_PATH]: 
env[PKG_CONFIG]: /usr/bin/pkg-config
-----------
Called: `/usr/bin/pkg-config --cflags libtiff-4` -> 0
stdout:
-I/usr/include/aarch64-linux-gnu -I/usr/include/webp
-----------
env[PKG_CONFIG_ALLOW_SYSTEM_LIBS]: 1
env[PKG_CONFIG_PATH]: 
env[PKG_CONFIG]: /usr/bin/pkg-config
-----------
Called: `/usr/bin/pkg-config --libs libtiff-4` -> 0
stdout:
-L/usr/lib/aarch64-linux-gnu -ltiff
-----------
env[PKG_CONFIG_PATH]: 
env[PKG_CONFIG]: /usr/bin/pkg-config
-----------
Called: `/usr/bin/pkg-config --libs libtiff-4` -> 0
stdout:
-ltiff
-----------
Run-time dependency libtiff-4 found: YES 4.5.1
Determining dependency 'gtest' with pkg-config executable '/usr/bin/pkg-config'
env[PKG_CONFIG_PATH]: 
env[PKG_CONFIG]: /usr/bin/pkg-config
-----------
Called: `/usr/bin/pkg-config --modversion gtest` -> 0
stdout:
1.14.0
-----------
env[PKG_CONFIG_PATH]: 
env[PKG_CONFIG]: /usr/bin/pkg-config
-----------
Called: `/usr/bin/pkg-config --cflags gtest` -> 0
stdout:
-DGTEST_HAS_PTHREAD=1
-----------
env[PKG_CONFIG_ALLOW_SYSTEM_LIBS]: 1
env[PKG_CONFIG_PATH]: 
env[PKG_CONFIG]: /usr/bin/pkg-config
-----------
Called: `/usr/bin/pkg-config --libs gtest` -> 0
stdout:
-L/usr/lib/aarch64-linux-gnu -lgtest
-----------
env[PKG_CONFIG_PATH]: 
env[PKG_CONFIG]: /usr/bin/pkg-config
-----------
Called: `/usr/bin/pkg-config --libs gtest` -> 0
stdout:
-lgtest
-----------
Run-time dependency GTest found: YES 1.14.0
Determining dependency 'libdrm' with pkg-config executable '/usr/bin/pkg-config'
env[PKG_CONFIG_PATH]: 
env[PKG_CONFIG]: /usr/bin/pkg-config
-----------
Called: `/usr/bin/pkg-config --modversion libdrm` -> 0
stdout:
2.4.122
-----------
env[PKG_CONFIG_PATH]: 
env[PKG_CONFIG]: /usr/bin/pkg-config
-----------
Called: `/usr/bin/pkg-config --cflags libdrm` -> 0
stdout:
-I/usr/include/libdrm
-----------
env[PKG_CONFIG_ALLOW_SYSTEM_LIBS]: 1
env[PKG_CONFIG_PATH]: 
env[PKG_CONFIG]: /usr/bin/pkg-config
-----------
Called: `/usr/bin/pkg-config --libs libdrm` -> 0
stdout:
-L/usr/lib/aarch64-linux-gnu -ldrm
-----------
env[PKG_CONFIG_PATH]: 
env[PKG_CONFIG]: /usr/bin/pkg-config
-----------
Called: `/usr/bin/pkg-config --libs libdrm` -> 0
stdout:
-ldrm
-----------
Run-time dependency libdrm found: YES 2.4.122
Determining dependency 'libjpeg' with pkg-config executable '/usr/bin/pkg-config'
env[PKG_CONFIG_PATH]: 
env[PKG_CONFIG]: /usr/bin/pkg-config
-----------
Called: `/usr/bin/pkg-config --modversion libjpeg` -> 0
stdout:
2.1.5
-----------
env[PKG_CONFIG_PATH]: 
env[PKG_CONFIG]: /usr/bin/pkg-config
-----------
Called: `/usr/bin/pkg-config --cflags libjpeg` -> 0
env[PKG_CONFIG_ALLOW_SYSTEM_LIBS]: 1
env[PKG_CONFIG_PATH]: 
env[PKG_CONFIG]: /usr/bin/pkg-config
-----------
Called: `/usr/bin/pkg-config --libs libjpeg` -> 0
stdout:
-L/usr/lib/aarch64-linux-gnu -ljpeg
-----------
env[PKG_CONFIG_PATH]: 
env[PKG_CONFIG]: /usr/bin/pkg-config
-----------
Called: `/usr/bin/pkg-config --libs libjpeg` -> 0
stdout:
-ljpeg
-----------
Run-time dependency libjpeg found: YES 2.1.5
Determining dependency 'sdl2' with pkg-config executable '/usr/bin/pkg-config'
env[PKG_CONFIG_PATH]: 
env[PKG_CONFIG]: /usr/bin/pkg-config
-----------
Called: `/usr/bin/pkg-config --modversion sdl2` -> 0
stdout:
2.30.0
-----------
env[PKG_CONFIG_PATH]: 
env[PKG_CONFIG]: /usr/bin/pkg-config
-----------
Called: `/usr/bin/pkg-config --cflags sdl2` -> 0
stdout:
-I/usr/include/SDL2 -D_REENTRANT
-----------
env[PKG_CONFIG_ALLOW_SYSTEM_LIBS]: 1
env[PKG_CONFIG_PATH]: 
env[PKG_CONFIG]: /usr/bin/pkg-config
-----------
Called: `/usr/bin/pkg-config --libs sdl2` -> 0
stdout:
-L/usr/lib/aarch64-linux-gnu -lSDL2
-----------
env[PKG_CONFIG_PATH]: 
env[PKG_CONFIG]: /usr/bin/pkg-config
-----------
Called: `/usr/bin/pkg-config --libs sdl2` -> 0
stdout:
-lSDL2
-----------
Run-time dependency sdl2 found: YES 2.30.0
Determining dependency 'Qt6Core' with pkg-config executable '/usr/bin/pkg-config'
env[PKG_CONFIG_PATH]: 
env[PKG_CONFIG]: /usr/bin/pkg-config
-----------
Called: `/usr/bin/pkg-config --modversion Qt6Core` -> 1
stderr:
Package Qt6Core was not found in the pkg-config search path.
Perhaps you should add the directory containing `Qt6Core.pc'
to the PKG_CONFIG_PATH environment variable
Package 'Qt6Core', required by 'virtual:world', not found
-----------
detected Qt6 None pkg-config dependency does not have proper tools support, ignoring
Run-time dependency qt6 (modules: Core, Gui, OpenGL, OpenGLWidgets, Widgets) found: NO (tried pkgconfig)
Determining dependency 'glib-2.0' with pkg-config executable '/usr/bin/pkg-config'
env[PKG_CONFIG_PATH]: 
env[PKG_CONFIG]: /usr/bin/pkg-config
-----------
Called: `/usr/bin/pkg-config --modversion glib-2.0` -> 0
stdout:
2.80.0
-----------
env[PKG_CONFIG_PATH]: 
env[PKG_CONFIG]: /usr/bin/pkg-config
-----------
Called: `/usr/bin/pkg-config --cflags glib-2.0` -> 0
stdout:
-I/usr/include/glib-2.0 -I/usr/lib/aarch64-linux-gnu/glib-2.0/include
-----------
env[PKG_CONFIG_ALLOW_SYSTEM_LIBS]: 1
env[PKG_CONFIG_PATH]: 
env[PKG_CONFIG]: /usr/bin/pkg-config
-----------
Called: `/usr/bin/pkg-config --libs glib-2.0` -> 0
stdout:
-L/usr/lib/aarch64-linux-gnu -lglib-2.0
-----------
env[PKG_CONFIG_PATH]: 
env[PKG_CONFIG]: /usr/bin/pkg-config
-----------
Called: `/usr/bin/pkg-config --libs glib-2.0` -> 0
stdout:
-lglib-2.0
-----------
Run-time dependency glib-2.0 found: YES 2.80.0
Determining dependency 'gstreamer-video-1.0' with pkg-config executable '/usr/bin/pkg-config'
env[PKG_CONFIG_PATH]: 
env[PKG_CONFIG]: /usr/bin/pkg-config
-----------
Called: `/usr/bin/pkg-config --modversion gstreamer-video-1.0` -> 0
stdout:
1.24.2
-----------
env[PKG_CONFIG_PATH]: 
env[PKG_CONFIG]: /usr/bin/pkg-config
-----------
Called: `/usr/bin/pkg-config --cflags gstreamer-video-1.0` -> 0
stdout:
-I/usr/include/gstreamer-1.0 -I/usr/include/glib-2.0 -I/usr/lib/aarch64-linux-gnu/glib-2.0/include -I/usr/include/aarch64-linux-gnu -pthread -I/usr/include/orc-0.4
-----------
env[PKG_CONFIG_ALLOW_SYSTEM_LIBS]: 1
env[PKG_CONFIG_PATH]: 
env[PKG_CONFIG]: /usr/bin/pkg-config
-----------
Called: `/usr/bin/pkg-config --libs gstreamer-video-1.0` -> 0
stdout:
-L/usr/lib/aarch64-linux-gnu -lgstvideo-1.0 -lgstbase-1.0 -lgstreamer-1.0 -lgobject-2.0 -lglib-2.0
-----------
env[PKG_CONFIG_PATH]: 
env[PKG_CONFIG]: /usr/bin/pkg-config
-----------
Called: `/usr/bin/pkg-config --libs gstreamer-video-1.0` -> 0
stdout:
-lgstvideo-1.0 -lgstbase-1.0 -lgstreamer-1.0 -lgobject-2.0 -lglib-2.0
-----------
Run-time dependency gstreamer-video-1.0 found: YES 1.24.2
Determining dependency 'gstreamer-allocators-1.0' with pkg-config executable '/usr/bin/pkg-config'
env[PKG_CONFIG_PATH]: 
env[PKG_CONFIG]: /usr/bin/pkg-config
-----------
Called: `/usr/bin/pkg-config --modversion gstreamer-allocators-1.0` -> 0
stdout:
1.24.2
-----------
env[PKG_CONFIG_PATH]: 
env[PKG_CONFIG]: /usr/bin/pkg-config
-----------
Called: `/usr/bin/pkg-config --cflags gstreamer-allocators-1.0` -> 0
stdout:
-I/usr/include/gstreamer-1.0 -I/usr/include/libdrm -I/usr/include/glib-2.0 -I/usr/lib/aarch64-linux-gnu/glib-2.0/include -pthread -I/usr/include/aarch64-linux-gnu
-----------
env[PKG_CONFIG_ALLOW_SYSTEM_LIBS]: 1
env[PKG_CONFIG_PATH]: 
env[PKG_CONFIG]: /usr/bin/pkg-config
-----------
Called: `/usr/bin/pkg-config --libs gstreamer-allocators-1.0` -> 0
stdout:
-L/usr/lib/aarch64-linux-gnu -lgstallocators-1.0 -ldrm -lgstreamer-1.0 -lgobject-2.0 -lglib-2.0
-----------
env[PKG_CONFIG_PATH]: 
env[PKG_CONFIG]: /usr/bin/pkg-config
-----------
Called: `/usr/bin/pkg-config --libs gstreamer-allocators-1.0` -> 0
stdout:
-lgstallocators-1.0 -ldrm -lgstreamer-1.0 -lgobject-2.0 -lglib-2.0
-----------
Run-time dependency gstreamer-allocators-1.0 found: YES 1.24.2
Program python3 found: YES (/usr/bin/python3)
Determining dependency 'pybind11' with pkg-config executable '/usr/bin/pkg-config'
env[PKG_CONFIG_PATH]: 
env[PKG_CONFIG]: /usr/bin/pkg-config
-----------
Called: `/usr/bin/pkg-config --modversion pybind11` -> 0
stdout:
2.11.1
-----------
env[PKG_CONFIG_PATH]: 
env[PKG_CONFIG]: /usr/bin/pkg-config
-----------
Called: `/usr/bin/pkg-config --cflags pybind11` -> 0
env[PKG_CONFIG_ALLOW_SYSTEM_LIBS]: 1
env[PKG_CONFIG_PATH]: 
env[PKG_CONFIG]: /usr/bin/pkg-config
-----------
Called: `/usr/bin/pkg-config --libs pybind11` -> 0
env[PKG_CONFIG_PATH]: 
env[PKG_CONFIG]: /usr/bin/pkg-config
-----------
Called: `/usr/bin/pkg-config --libs pybind11` -> 0
Run-time dependency pybind11 found: YES 2.11.1
Searching for 'python-3.12' via pkgconfig lookup in LIBPC
Determining dependency 'python-3.12' with pkg-config executable '/usr/bin/pkg-config'
env[PKG_CONFIG_LIBDIR]: /usr/lib/aarch64-linux-gnu/pkgconfig
env[PKG_CONFIG_PATH]: 
env[PKG_CONFIG]: /usr/bin/pkg-config
-----------
Called: `/usr/bin/pkg-config --modversion python-3.12` -> 0
stdout:
3.12
-----------
env[PKG_CONFIG_LIBDIR]: /usr/lib/aarch64-linux-gnu/pkgconfig
env[PKG_CONFIG_PATH]: 
env[PKG_CONFIG]: /usr/bin/pkg-config
-----------
Called: `/usr/bin/pkg-config --cflags python-3.12` -> 0
stdout:
-I/usr/include/python3.12 -I/usr/include/aarch64-linux-gnu/python3.12
-----------
env[PKG_CONFIG_LIBDIR]: /usr/lib/aarch64-linux-gnu/pkgconfig
env[PKG_CONFIG_ALLOW_SYSTEM_LIBS]: 1
env[PKG_CONFIG_PATH]: 
env[PKG_CONFIG]: /usr/bin/pkg-config
-----------
Called: `/usr/bin/pkg-config --libs python-3.12` -> 0
env[PKG_CONFIG_LIBDIR]: /usr/lib/aarch64-linux-gnu/pkgconfig
env[PKG_CONFIG_PATH]: 
env[PKG_CONFIG]: /usr/bin/pkg-config
-----------
Called: `/usr/bin/pkg-config --libs python-3.12` -> 0
Run-time dependency python found: YES 3.12
Running command: /usr/bin/ln -fsrT /home/pi/CaveBot-ros/src/libcamera/src/py/libcamera/__init__.py /home/pi/CaveBot-ros/build/libcamera/src/py/libcamera/__init__.py
--- stdout ---

--- stderr ---


Running command: /usr/bin/ln -fsrT /home/pi/CaveBot-ros/src/libcamera/src/py/libcamera/utils /home/pi/CaveBot-ros/build/libcamera/src/py/libcamera/utils
--- stdout ---

--- stderr ---


Configuring libcamerify using configuration
Program doxygen found: NO
Program dot found: YES (/usr/bin/dot)
Program sphinx-build-3 sphinx-build found: NO
Running command: /usr/bin/uname -r
--- stdout ---
6.8.0-1040-raspi

--- stderr ---


Running command: /usr/bin/ln -fsT /home/pi/CaveBot-ros/src/libcamera /home/pi/CaveBot-ros/build/libcamera/source
--- stdout ---

--- stderr ---


Configuring config.h using configuration
Running command: /usr/bin/python3 -c 'import jinja2'
--- stdout disabled ---
--- stderr ---


Running command: /usr/bin/python3 -c 'import yaml'
--- stdout disabled ---
--- stderr ---


Running command: /usr/bin/python3 -c 'import jinja2'
--- stdout disabled ---
--- stderr ---


Running command: /usr/bin/python3 -c 'import ply'
--- stdout disabled ---
--- stderr ---


Build targets in project: 78

libcamera 0.5.2

  Versions
    Sources                  : 0.5.2+99-bfd68f78

  Paths
    LIBCAMERA_DATA_DIR       : "/home/pi/CaveBot-ros/install/libcamera/share/libcamera"
    LIBCAMERA_SYSCONF_DIR    : "/home/pi/CaveBot-ros/install/libcamera/etc/libcamera"
    IPA_PROXY_DIR            : "/home/pi/CaveBot-ros/install/libcamera/libexec/libcamera"
    IPA_CONFIG_DIR           : "/home/pi/CaveBot-ros/install/libcamera/etc/libcamera/ipa:/home/pi/CaveBot-ros/install/libcamera/share/libcamera/ipa"
    IPA_MODULE_DIR           : "/home/pi/CaveBot-ros/install/libcamera/lib/libcamera/ipa"

  Configuration
    SoftISP support          : true
    IPA modules signed with  : gnutls
    Enabled pipelines        : imx8-isi
                               mali-c55
                               rkisp1
                               rpi/pisp
                               rpi/vc4
                               simple
                               uvcvideo
    Enabled IPA modules      : mali-c55
                               rkisp1
                               rpi/pisp
                               rpi/vc4
                               simple
    Controls files           : control_ids_core.yaml
                               control_ids_debug.yaml
                               control_ids_draft.yaml
                               control_ids_rpi.yaml
    Properties files         : property_ids_draft.yaml
                               property_ids_core.yaml
    Hotplug support          : YES
    Tracing support          : YES
    Android support          : NO
    GStreamer support        : YES
    Python bindings          : YES
    V4L2 emulation support   : YES
    cam application          : YES
    qcam application         : NO
    lc-compliance application: YES
    Unit tests               : NO

  User defined options
    buildtype                : release
    libdir                   : lib
    prefix                   : /home/pi/CaveBot-ros/install/libcamera

Failed to guess install tag for /home/pi/CaveBot-ros/install/libcamera/share/libcamera/pipeline/rpi/pisp/example.yaml
Failed to guess install tag for /home/pi/CaveBot-ros/install/libcamera/share/libcamera/ipa/mali-c55/imx415.yaml
Failed to guess install tag for /home/pi/CaveBot-ros/install/libcamera/share/libcamera/ipa/mali-c55/uncalibrated.yaml
Failed to guess install tag for /home/pi/CaveBot-ros/install/libcamera/share/libcamera/ipa/rpi/pisp/imx219.json
Failed to guess install tag for /home/pi/CaveBot-ros/install/libcamera/share/libcamera/ipa/rpi/pisp/imx219_noir.json
Failed to guess install tag for /home/pi/CaveBot-ros/install/libcamera/share/libcamera/ipa/rpi/pisp/imx283.json
Failed to guess install tag for /home/pi/CaveBot-ros/install/libcamera/share/libcamera/ipa/rpi/pisp/imx290.json
Failed to guess install tag for /home/pi/CaveBot-ros/install/libcamera/share/libcamera/ipa/rpi/pisp/imx296.json
Failed to guess install tag for /home/pi/CaveBot-ros/install/libcamera/share/libcamera/ipa/rpi/pisp/imx296_mono.json
Failed to guess install tag for /home/pi/CaveBot-ros/install/libcamera/share/libcamera/ipa/rpi/pisp/imx335.json
Failed to guess install tag for /home/pi/CaveBot-ros/install/libcamera/share/libcamera/ipa/rpi/pisp/imx378.json
Failed to guess install tag for /home/pi/CaveBot-ros/install/libcamera/share/libcamera/ipa/rpi/pisp/imx415.json
Failed to guess install tag for /home/pi/CaveBot-ros/install/libcamera/share/libcamera/ipa/rpi/pisp/imx415_b0569.json
Failed to guess install tag for /home/pi/CaveBot-ros/install/libcamera/share/libcamera/ipa/rpi/pisp/imx462.json
Failed to guess install tag for /home/pi/CaveBot-ros/install/libcamera/share/libcamera/ipa/rpi/pisp/imx477.json
Failed to guess install tag for /home/pi/CaveBot-ros/install/libcamera/share/libcamera/ipa/rpi/pisp/imx477_noir.json
Failed to guess install tag for /home/pi/CaveBot-ros/install/libcamera/share/libcamera/ipa/rpi/pisp/imx477_scientific.json
Failed to guess install tag for /home/pi/CaveBot-ros/install/libcamera/share/libcamera/ipa/rpi/pisp/imx500.json
Failed to guess install tag for /home/pi/CaveBot-ros/install/libcamera/share/libcamera/ipa/rpi/pisp/imx519.json
Failed to guess install tag for /home/pi/CaveBot-ros/install/libcamera/share/libcamera/ipa/rpi/pisp/imx708.json
Failed to guess install tag for /home/pi/CaveBot-ros/install/libcamera/share/libcamera/ipa/rpi/pisp/imx708_noir.json
Failed to guess install tag for /home/pi/CaveBot-ros/install/libcamera/share/libcamera/ipa/rpi/pisp/imx708_wide.json
Failed to guess install tag for /home/pi/CaveBot-ros/install/libcamera/share/libcamera/ipa/rpi/pisp/imx708_wide_noir.json
Failed to guess install tag for /home/pi/CaveBot-ros/install/libcamera/share/libcamera/ipa/rpi/pisp/ov5647.json
Failed to guess install tag for /home/pi/CaveBot-ros/install/libcamera/share/libcamera/ipa/rpi/pisp/ov5647_noir.json
Failed to guess install tag for /home/pi/CaveBot-ros/install/libcamera/share/libcamera/ipa/rpi/pisp/ov64a40.json
Failed to guess install tag for /home/pi/CaveBot-ros/install/libcamera/share/libcamera/ipa/rpi/pisp/ov9281_mono.json
Failed to guess install tag for /home/pi/CaveBot-ros/install/libcamera/share/libcamera/ipa/rpi/pisp/se327m12.json
Failed to guess install tag for /home/pi/CaveBot-ros/install/libcamera/share/libcamera/ipa/rpi/pisp/uncalibrated.json
Failed to guess install tag for /home/pi/CaveBot-ros/install/libcamera/share/libcamera/ipa/rpi/pisp/vd56g3.json
Failed to guess install tag for /home/pi/CaveBot-ros/install/libcamera/share/libcamera/ipa/rpi/pisp/vd56g3_mono.json
Found ninja-1.11.1 at /usr/bin/ninja
Running compile:
Working directory:  /home/pi/CaveBot-ros/build/libcamera/meson-private/tmpwquw_be4
Code:
 
-----------
Command line: `cc /home/pi/CaveBot-ros/build/libcamera/meson-private/tmpwquw_be4/testfile.c -o /home/pi/CaveBot-ros/build/libcamera/meson-private/tmpwquw_be4/output.obj -c -D_FILE_OFFSET_BITS=64 -O0 --print-search-dirs` -> 0
stdout:
install: /usr/lib/gcc/aarch64-linux-gnu/13/
programs: =/usr/libexec/gcc/aarch64-linux-gnu/13/:/usr/libexec/gcc/aarch64-linux-gnu/13/:/usr/libexec/gcc/aarch64-linux-gnu/:/usr/lib/gcc/aarch64-linux-gnu/13/:/usr/lib/gcc/aarch64-linux-gnu/:/usr/lib/gcc/aarch64-linux-gnu/13/../../../../aarch64-linux-gnu/bin/aarch64-linux-gnu/13/:/usr/lib/gcc/aarch64-linux-gnu/13/../../../../aarch64-linux-gnu/bin/aarch64-linux-gnu/:/usr/lib/gcc/aarch64-linux-gnu/13/../../../../aarch64-linux-gnu/bin/
libraries: =/usr/lib/gcc/aarch64-linux-gnu/13/:/usr/lib/gcc/aarch64-linux-gnu/13/../../../../aarch64-linux-gnu/lib/aarch64-linux-gnu/13/:/usr/lib/gcc/aarch64-linux-gnu/13/../../../../aarch64-linux-gnu/lib/aarch64-linux-gnu/:/usr/lib/gcc/aarch64-linux-gnu/13/../../../../aarch64-linux-gnu/lib/../lib/:/usr/lib/gcc/aarch64-linux-gnu/13/../../../aarch64-linux-gnu/13/:/usr/lib/gcc/aarch64-linux-gnu/13/../../../aarch64-linux-gnu/:/usr/lib/gcc/aarch64-linux-gnu/13/../../../../lib/:/lib/aarch64-linux-gnu/13/:/lib/aarch64-linux-gnu/:/lib/../lib/:/usr/lib/aarch64-linux-gnu/13/:/usr/lib/aarch64-linux-gnu/:/usr/lib/../lib/:/usr/lib/gcc/aarch64-linux-gnu/13/../../../../aarch64-linux-gnu/lib/:/usr/lib/gcc/aarch64-linux-gnu/13/../../../:/lib/:/usr/lib/
-----------
Failed to guess install tag for /home/pi/CaveBot-ros/install/libcamera/share/libcamera/pipeline/rpi/pisp/example.yaml
Failed to guess install tag for /home/pi/CaveBot-ros/install/libcamera/share/libcamera/ipa/mali-c55/imx415.yaml
Failed to guess install tag for /home/pi/CaveBot-ros/install/libcamera/share/libcamera/ipa/mali-c55/uncalibrated.yaml
Failed to guess install tag for /home/pi/CaveBot-ros/install/libcamera/share/libcamera/ipa/rpi/pisp/imx219.json
Failed to guess install tag for /home/pi/CaveBot-ros/install/libcamera/share/libcamera/ipa/rpi/pisp/imx219_noir.json
Failed to guess install tag for /home/pi/CaveBot-ros/install/libcamera/share/libcamera/ipa/rpi/pisp/imx283.json
Failed to guess install tag for /home/pi/CaveBot-ros/install/libcamera/share/libcamera/ipa/rpi/pisp/imx290.json
Failed to guess install tag for /home/pi/CaveBot-ros/install/libcamera/share/libcamera/ipa/rpi/pisp/imx296.json
Failed to guess install tag for /home/pi/CaveBot-ros/install/libcamera/share/libcamera/ipa/rpi/pisp/imx296_mono.json
Failed to guess install tag for /home/pi/CaveBot-ros/install/libcamera/share/libcamera/ipa/rpi/pisp/imx335.json
Failed to guess install tag for /home/pi/CaveBot-ros/install/libcamera/share/libcamera/ipa/rpi/pisp/imx378.json
Failed to guess install tag for /home/pi/CaveBot-ros/install/libcamera/share/libcamera/ipa/rpi/pisp/imx415.json
Failed to guess install tag for /home/pi/CaveBot-ros/install/libcamera/share/libcamera/ipa/rpi/pisp/imx415_b0569.json
Failed to guess install tag for /home/pi/CaveBot-ros/install/libcamera/share/libcamera/ipa/rpi/pisp/imx462.json
Failed to guess install tag for /home/pi/CaveBot-ros/install/libcamera/share/libcamera/ipa/rpi/pisp/imx477.json
Failed to guess install tag for /home/pi/CaveBot-ros/install/libcamera/share/libcamera/ipa/rpi/pisp/imx477_noir.json
Failed to guess install tag for /home/pi/CaveBot-ros/install/libcamera/share/libcamera/ipa/rpi/pisp/imx477_scientific.json
Failed to guess install tag for /home/pi/CaveBot-ros/install/libcamera/share/libcamera/ipa/rpi/pisp/imx500.json
Failed to guess install tag for /home/pi/CaveBot-ros/install/libcamera/share/libcamera/ipa/rpi/pisp/imx519.json
Failed to guess install tag for /home/pi/CaveBot-ros/install/libcamera/share/libcamera/ipa/rpi/pisp/imx708.json
Failed to guess install tag for /home/pi/CaveBot-ros/install/libcamera/share/libcamera/ipa/rpi/pisp/imx708_noir.json
Failed to guess install tag for /home/pi/CaveBot-ros/install/libcamera/share/libcamera/ipa/rpi/pisp/imx708_wide.json
Failed to guess install tag for /home/pi/CaveBot-ros/install/libcamera/share/libcamera/ipa/rpi/pisp/imx708_wide_noir.json
Failed to guess install tag for /home/pi/CaveBot-ros/install/libcamera/share/libcamera/ipa/rpi/pisp/ov5647.json
Failed to guess install tag for /home/pi/CaveBot-ros/install/libcamera/share/libcamera/ipa/rpi/pisp/ov5647_noir.json
Failed to guess install tag for /home/pi/CaveBot-ros/install/libcamera/share/libcamera/ipa/rpi/pisp/ov64a40.json
Failed to guess install tag for /home/pi/CaveBot-ros/install/libcamera/share/libcamera/ipa/rpi/pisp/ov9281_mono.json
Failed to guess install tag for /home/pi/CaveBot-ros/install/libcamera/share/libcamera/ipa/rpi/pisp/se327m12.json
Failed to guess install tag for /home/pi/CaveBot-ros/install/libcamera/share/libcamera/ipa/rpi/pisp/uncalibrated.json
Failed to guess install tag for /home/pi/CaveBot-ros/install/libcamera/share/libcamera/ipa/rpi/pisp/vd56g3.json
Failed to guess install tag for /home/pi/CaveBot-ros/install/libcamera/share/libcamera/ipa/rpi/pisp/vd56g3_mono.json
Failed to guess install tag for /home/pi/CaveBot-ros/install/libcamera/share/libcamera/pipeline/rpi/pisp/example.yaml
Failed to guess install tag for /home/pi/CaveBot-ros/install/libcamera/share/libcamera/ipa/mali-c55/imx415.yaml
Failed to guess install tag for /home/pi/CaveBot-ros/install/libcamera/share/libcamera/ipa/mali-c55/uncalibrated.yaml
Failed to guess install tag for /home/pi/CaveBot-ros/install/libcamera/share/libcamera/ipa/rpi/pisp/imx219.json
Failed to guess install tag for /home/pi/CaveBot-ros/install/libcamera/share/libcamera/ipa/rpi/pisp/imx219_noir.json
Failed to guess install tag for /home/pi/CaveBot-ros/install/libcamera/share/libcamera/ipa/rpi/pisp/imx283.json
Failed to guess install tag for /home/pi/CaveBot-ros/install/libcamera/share/libcamera/ipa/rpi/pisp/imx290.json
Failed to guess install tag for /home/pi/CaveBot-ros/install/libcamera/share/libcamera/ipa/rpi/pisp/imx296.json
Failed to guess install tag for /home/pi/CaveBot-ros/install/libcamera/share/libcamera/ipa/rpi/pisp/imx296_mono.json
Failed to guess install tag for /home/pi/CaveBot-ros/install/libcamera/share/libcamera/ipa/rpi/pisp/imx335.json
Failed to guess install tag for /home/pi/CaveBot-ros/install/libcamera/share/libcamera/ipa/rpi/pisp/imx378.json
Failed to guess install tag for /home/pi/CaveBot-ros/install/libcamera/share/libcamera/ipa/rpi/pisp/imx415.json
Failed to guess install tag for /home/pi/CaveBot-ros/install/libcamera/share/libcamera/ipa/rpi/pisp/imx415_b0569.json
Failed to guess install tag for /home/pi/CaveBot-ros/install/libcamera/share/libcamera/ipa/rpi/pisp/imx462.json
Failed to guess install tag for /home/pi/CaveBot-ros/install/libcamera/share/libcamera/ipa/rpi/pisp/imx477.json
Failed to guess install tag for /home/pi/CaveBot-ros/install/libcamera/share/libcamera/ipa/rpi/pisp/imx477_noir.json
Failed to guess install tag for /home/pi/CaveBot-ros/install/libcamera/share/libcamera/ipa/rpi/pisp/imx477_scientific.json
Failed to guess install tag for /home/pi/CaveBot-ros/install/libcamera/share/libcamera/ipa/rpi/pisp/imx500.json
Failed to guess install tag for /home/pi/CaveBot-ros/install/libcamera/share/libcamera/ipa/rpi/pisp/imx519.json
Failed to guess install tag for /home/pi/CaveBot-ros/install/libcamera/share/libcamera/ipa/rpi/pisp/imx708.json
Failed to guess install tag for /home/pi/CaveBot-ros/install/libcamera/share/libcamera/ipa/rpi/pisp/imx708_noir.json
Failed to guess install tag for /home/pi/CaveBot-ros/install/libcamera/share/libcamera/ipa/rpi/pisp/imx708_wide.json
Failed to guess install tag for /home/pi/CaveBot-ros/install/libcamera/share/libcamera/ipa/rpi/pisp/imx708_wide_noir.json
Failed to guess install tag for /home/pi/CaveBot-ros/install/libcamera/share/libcamera/ipa/rpi/pisp/ov5647.json
Failed to guess install tag for /home/pi/CaveBot-ros/install/libcamera/share/libcamera/ipa/rpi/pisp/ov5647_noir.json
Failed to guess install tag for /home/pi/CaveBot-ros/install/libcamera/share/libcamera/ipa/rpi/pisp/ov64a40.json
Failed to guess install tag for /home/pi/CaveBot-ros/install/libcamera/share/libcamera/ipa/rpi/pisp/ov9281_mono.json
Failed to guess install tag for /home/pi/CaveBot-ros/install/libcamera/share/libcamera/ipa/rpi/pisp/se327m12.json
Failed to guess install tag for /home/pi/CaveBot-ros/install/libcamera/share/libcamera/ipa/rpi/pisp/uncalibrated.json
Failed to guess install tag for /home/pi/CaveBot-ros/install/libcamera/share/libcamera/ipa/rpi/pisp/vd56g3.json
Failed to guess install tag for /home/pi/CaveBot-ros/install/libcamera/share/libcamera/ipa/rpi/pisp/vd56g3_mono.json
