[0mIn this package, headers install destination is set to `include` by ament_auto_package. It is recommended to install `include/image_view` instead and will be the default behavior of ament_auto_package from ROS 2 Kilted Kaiju. On distributions before Kilted, ament_auto_package behaves the same way when you use USE_SCOPED_HEADER_INSTALL_DIR option.[0m
[01m[K/home/pi/CaveBot-ros/src/image_pipeline/image_view/src/image_saver_node.cpp:[m[K In constructor â€˜[01m[Kimage_view::ImageSaverNode::[01;32m[KImageSaverNode[m[K(const rclcpp::NodeOptions&)[m[Kâ€™:
[01m[K/home/pi/CaveBot-ros/src/image_pipeline/image_view/src/image_saver_node.cpp:77:46:[m[K [01;31m[Kerror: [m[Kno matching function for call to â€˜[01m[Kimage_transport::TransportHints::TransportHints(<brace-enclosed initializer list>)[m[Kâ€™
   77 |   image_transport::TransportHints hints{*this[01;31m[K}[m[K;
      |                                              [01;31m[K^[m[K
In file included from [01m[K/opt/ros/jazzy/include/image_transport/image_transport/image_transport.hpp:43[m[K,
                 from [01m[K/home/pi/CaveBot-ros/src/image_pipeline/image_view/include/image_view/image_saver_node.hpp:56[m[K,
                 from [01m[K/home/pi/CaveBot-ros/src/image_pipeline/image_view/src/image_saver_node.cpp:56[m[K:
[01m[K/opt/ros/jazzy/include/image_transport/image_transport/transport_hints.hpp:61:3:[m[K [01;36m[Knote: [m[Kcandidate: â€˜[01m[Kimage_transport::TransportHints::[01;32m[KTransportHints[m[K(const rclcpp::Node*, const std::string&, const std::string&)[m[Kâ€™
   61 |   [01;36m[KTransportHints[m[K(
      |   [01;36m[K^~~~~~~~~~~~~~[m[K
[01m[K/opt/ros/jazzy/include/image_transport/image_transport/transport_hints.hpp:62:26:[m[K [01;36m[Knote: [m[K  no known conversion for argument 1 from â€˜[01m[Kimage_view::ImageSaverNode[m[Kâ€™ to â€˜[01m[Kconst rclcpp::Node*[m[Kâ€™
   62 |     [01;36m[Kconst rclcpp::Node * node[m[K,
      |     [01;36m[K~~~~~~~~~~~~~~~~~~~~~^~~~[m[K
[01m[K/opt/ros/jazzy/include/image_transport/image_transport/transport_hints.hpp:45:7:[m[K [01;36m[Knote: [m[Kcandidate: â€˜[01m[Kimage_transport::TransportHints::[01;32m[KTransportHints[m[K(const image_transport::TransportHints&)[m[Kâ€™
   45 | class [01;36m[KTransportHints[m[K
      |       [01;36m[K^~~~~~~~~~~~~~[m[K
[01m[K/opt/ros/jazzy/include/image_transport/image_transport/transport_hints.hpp:45:7:[m[K [01;36m[Knote: [m[K  no known conversion for argument 1 from â€˜[01m[Kimage_view::ImageSaverNode[m[Kâ€™ to â€˜[01m[Kconst image_transport::TransportHints&[m[Kâ€™
[01m[K/opt/ros/jazzy/include/image_transport/image_transport/transport_hints.hpp:45:7:[m[K [01;36m[Knote: [m[Kcandidate: â€˜[01m[Kimage_transport::TransportHints::[01;32m[KTransportHints[m[K(image_transport::TransportHints&&)[m[Kâ€™
[01m[K/opt/ros/jazzy/include/image_transport/image_transport/transport_hints.hpp:45:7:[m[K [01;36m[Knote: [m[K  no known conversion for argument 1 from â€˜[01m[Kimage_view::ImageSaverNode[m[Kâ€™ to â€˜[01m[Kimage_transport::TransportHints&&[m[Kâ€™
[01m[K/home/pi/CaveBot-ros/src/image_pipeline/image_view/src/image_saver_node.cpp:86:5:[m[K [01;31m[Kerror: [m[Kcannot convert â€˜[01m[Kimage_view::ImageSaverNode[m[Kâ€™ to â€˜[01m[Krclcpp::Node*[m[Kâ€™
   86 |     [01;31m[K*this[m[K, topic, std::bind(
      |     [01;31m[K^~~~~[m[K
      |     [01;31m[K|[m[K
      |     [01;31m[Kimage_view::ImageSaverNode[m[K
[01m[K/opt/ros/jazzy/include/image_transport/image_transport/image_transport.hpp:86:18:[m[K [01;36m[Knote: [m[K  initializing argument 1 of â€˜[01m[Kimage_transport::CameraSubscriber image_transport::[01;32m[Kcreate_camera_subscription[m[K(rclcpp::Node*, const std::string&, const CameraSubscriber::Callback&, const std::string&, rmw_qos_profile_t)[m[Kâ€™
   86 |   [01;36m[Krclcpp::Node * node[m[K,
      |   [01;36m[K~~~~~~~~~~~~~~~^~~~[m[K
[01m[K/home/pi/CaveBot-ros/src/image_pipeline/image_view/src/image_saver_node.cpp:92:5:[m[K [01;31m[Kerror: [m[Kcannot convert â€˜[01m[Kimage_view::ImageSaverNode[m[Kâ€™ to â€˜[01m[Krclcpp::Node*[m[Kâ€™
   92 |     [01;31m[K*this[m[K, topic, std::bind(
      |     [01;31m[K^~~~~[m[K
      |     [01;31m[K|[m[K
      |     [01;31m[Kimage_view::ImageSaverNode[m[K
[01m[K/opt/ros/jazzy/include/image_transport/image_transport/image_transport.hpp:64:18:[m[K [01;36m[Knote: [m[K  initializing argument 1 of â€˜[01m[Kimage_transport::Subscriber image_transport::[01;32m[Kcreate_subscription[m[K(rclcpp::Node*, const std::string&, const Subscriber::Callback&, const std::string&, rmw_qos_profile_t, rclcpp::SubscriptionOptions)[m[Kâ€™
   64 |   [01;36m[Krclcpp::Node * node[m[K,
      |   [01;36m[K~~~~~~~~~~~~~~~^~~~[m[K
[01m[K/home/pi/CaveBot-ros/src/image_pipeline/image_view/src/image_view_node.cpp:[m[K In constructor â€˜[01m[Kimage_view::ImageViewNode::[01;32m[KImageViewNode[m[K(const rclcpp::NodeOptions&)[m[Kâ€™:
[01m[K/home/pi/CaveBot-ros/src/image_pipeline/image_view/src/image_view_node.cpp:110:46:[m[K [01;31m[Kerror: [m[Kno matching function for call to â€˜[01m[Kimage_transport::TransportHints::TransportHints(<brace-enclosed initializer list>)[m[Kâ€™
  110 |   image_transport::TransportHints hints{*this[01;31m[K}[m[K;
      |                                              [01;31m[K^[m[K
In file included from [01m[K/opt/ros/jazzy/include/image_transport/image_transport/image_transport.hpp:43[m[K,
                 from [01m[K/home/pi/CaveBot-ros/src/image_pipeline/image_view/include/image_view/image_view_node.hpp:29[m[K,
                 from [01m[K/home/pi/CaveBot-ros/src/image_pipeline/image_view/src/image_view_node.cpp:59[m[K:
[01m[K/opt/ros/jazzy/include/image_transport/image_transport/transport_hints.hpp:61:3:[m[K [01;36m[Knote: [m[Kcandidate: â€˜[01m[Kimage_transport::TransportHints::[01;32m[KTransportHints[m[K(const rclcpp::Node*, const std::string&, const std::string&)[m[Kâ€™
   61 |   [01;36m[KTransportHints[m[K(
      |   [01;36m[K^~~~~~~~~~~~~~[m[K
[01m[K/opt/ros/jazzy/include/image_transport/image_transport/transport_hints.hpp:62:26:[m[K [01;36m[Knote: [m[K  no known conversion for argument 1 from â€˜[01m[Kimage_view::ImageViewNode[m[Kâ€™ to â€˜[01m[Kconst rclcpp::Node*[m[Kâ€™
   62 |     [01;36m[Kconst rclcpp::Node * node[m[K,
      |     [01;36m[K~~~~~~~~~~~~~~~~~~~~~^~~~[m[K
[01m[K/opt/ros/jazzy/include/image_transport/image_transport/transport_hints.hpp:45:7:[m[K [01;36m[Knote: [m[Kcandidate: â€˜[01m[Kimage_transport::TransportHints::[01;32m[KTransportHints[m[K(const image_transport::TransportHints&)[m[Kâ€™
   45 | class [01;36m[KTransportHints[m[K
      |       [01;36m[K^~~~~~~~~~~~~~[m[K
[01m[K/opt/ros/jazzy/include/image_transport/image_transport/transport_hints.hpp:45:7:[m[K [01;36m[Knote: [m[K  no known conversion for argument 1 from â€˜[01m[Kimage_view::ImageViewNode[m[Kâ€™ to â€˜[01m[Kconst image_transport::TransportHints&[m[Kâ€™
[01m[K/opt/ros/jazzy/include/image_transport/image_transport/transport_hints.hpp:45:7:[m[K [01;36m[Knote: [m[Kcandidate: â€˜[01m[Kimage_transport::TransportHints::[01;32m[KTransportHints[m[K(image_transport::TransportHints&&)[m[Kâ€™
[01m[K/opt/ros/jazzy/include/image_transport/image_transport/transport_hints.hpp:45:7:[m[K [01;36m[Knote: [m[K  no known conversion for argument 1 from â€˜[01m[Kimage_view::ImageViewNode[m[Kâ€™ to â€˜[01m[Kimage_transport::TransportHints&&[m[Kâ€™
[01m[K/home/pi/CaveBot-ros/src/image_pipeline/image_view/src/image_view_node.cpp:120:5:[m[K [01;31m[Kerror: [m[Kcannot convert â€˜[01m[Kimage_view::ImageViewNode[m[Kâ€™ to â€˜[01m[Krclcpp::Node*[m[Kâ€™
  120 |     [01;31m[K*this[m[K, topic, std::bind(&ImageViewNode::imageCb, this, std::placeholders::_1),
      |     [01;31m[K^~~~~[m[K
      |     [01;31m[K|[m[K
      |     [01;31m[Kimage_view::ImageViewNode[m[K
[01m[K/opt/ros/jazzy/include/image_transport/image_transport/image_transport.hpp:64:18:[m[K [01;36m[Knote: [m[K  initializing argument 1 of â€˜[01m[Kimage_transport::Subscriber image_transport::[01;32m[Kcreate_subscription[m[K(rclcpp::Node*, const std::string&, const Subscriber::Callback&, const std::string&, rmw_qos_profile_t, rclcpp::SubscriptionOptions)[m[Kâ€™
   64 |   [01;36m[Krclcpp::Node * node[m[K,
      |   [01;36m[K~~~~~~~~~~~~~~~^~~~[m[K
[01m[K/home/pi/CaveBot-ros/src/image_pipeline/image_view/src/extract_images_node.cpp:[m[K In constructor â€˜[01m[Kimage_view::ExtractImagesNode::[01;32m[KExtractImagesNode[m[K(const rclcpp::NodeOptions&)[m[Kâ€™:
[01m[K/home/pi/CaveBot-ros/src/image_pipeline/image_view/src/extract_images_node.cpp:79:46:[m[K [01;31m[Kerror: [m[Kno matching function for call to â€˜[01m[Kimage_transport::TransportHints::TransportHints(<brace-enclosed initializer list>)[m[Kâ€™
   79 |   image_transport::TransportHints hints{*this[01;31m[K}[m[K;
      |                                              [01;31m[K^[m[K
In file included from [01m[K/opt/ros/jazzy/include/image_transport/image_transport/image_transport.hpp:43[m[K,
                 from [01m[K/home/pi/CaveBot-ros/src/image_pipeline/image_view/src/extract_images_node.cpp:58[m[K:
[01m[K/opt/ros/jazzy/include/image_transport/image_transport/transport_hints.hpp:61:3:[m[K [01;36m[Knote: [m[Kcandidate: â€˜[01m[Kimage_transport::TransportHints::[01;32m[KTransportHints[m[K(const rclcpp::Node*, const std::string&, const std::string&)[m[Kâ€™
   61 |   [01;36m[KTransportHints[m[K(
      |   [01;36m[K^~~~~~~~~~~~~~[m[K
[01m[K/opt/ros/jazzy/include/image_transport/image_transport/transport_hints.hpp:62:26:[m[K [01;36m[Knote: [m[K  no known conversion for argument 1 from â€˜[01m[Kimage_view::ExtractImagesNode[m[Kâ€™ to â€˜[01m[Kconst rclcpp::Node*[m[Kâ€™
   62 |     [01;36m[Kconst rclcpp::Node * node[m[K,
      |     [01;36m[K~~~~~~~~~~~~~~~~~~~~~^~~~[m[K
[01m[K/opt/ros/jazzy/include/image_transport/image_transport/transport_hints.hpp:45:7:[m[K [01;36m[Knote: [m[Kcandidate: â€˜[01m[Kimage_transport::TransportHints::[01;32m[KTransportHints[m[K(const image_transport::TransportHints&)[m[Kâ€™
   45 | class [01;36m[KTransportHints[m[K
      |       [01;36m[K^~~~~~~~~~~~~~[m[K
[01m[K/opt/ros/jazzy/include/image_transport/image_transport/transport_hints.hpp:45:7:[m[K [01;36m[Knote: [m[K  no known conversion for argument 1 from â€˜[01m[Kimage_view::ExtractImagesNode[m[Kâ€™ to â€˜[01m[Kconst image_transport::TransportHints&[m[Kâ€™
[01m[K/opt/ros/jazzy/include/image_transport/image_transport/transport_hints.hpp:45:7:[m[K [01;36m[Knote: [m[Kcandidate: â€˜[01m[Kimage_transport::TransportHints::[01;32m[KTransportHints[m[K(image_transport::TransportHints&&)[m[Kâ€™
[01m[K/opt/ros/jazzy/include/image_transport/image_transport/transport_hints.hpp:45:7:[m[K [01;36m[Knote: [m[K  no known conversion for argument 1 from â€˜[01m[Kimage_view::ExtractImagesNode[m[Kâ€™ to â€˜[01m[Kimage_transport::TransportHints&&[m[Kâ€™
[01m[K/home/pi/CaveBot-ros/src/image_pipeline/image_view/src/extract_images_node.cpp:83:5:[m[K [01;31m[Kerror: [m[Kcannot convert â€˜[01m[Kimage_view::ExtractImagesNode[m[Kâ€™ to â€˜[01m[Krclcpp::Node*[m[Kâ€™
   83 |     [01;31m[K*this[m[K, topic, std::bind(
      |     [01;31m[K^~~~~[m[K
      |     [01;31m[K|[m[K
      |     [01;31m[Kimage_view::ExtractImagesNode[m[K
[01m[K/opt/ros/jazzy/include/image_transport/image_transport/image_transport.hpp:64:18:[m[K [01;36m[Knote: [m[K  initializing argument 1 of â€˜[01m[Kimage_transport::Subscriber image_transport::[01;32m[Kcreate_subscription[m[K(rclcpp::Node*, const std::string&, const Subscriber::Callback&, const std::string&, rmw_qos_profile_t, rclcpp::SubscriptionOptions)[m[Kâ€™
   64 |   [01;36m[Krclcpp::Node * node[m[K,
      |   [01;36m[K~~~~~~~~~~~~~~~^~~~[m[K
gmake[2]: *** [CMakeFiles/image_view_nodes.dir/build.make:118: CMakeFiles/image_view_nodes.dir/src/image_saver_node.cpp.o] Error 1
gmake[2]: *** Waiting for unfinished jobs....
gmake[2]: *** [CMakeFiles/image_view_nodes.dir/build.make:90: CMakeFiles/image_view_nodes.dir/src/extract_images_node.cpp.o] Error 1
gmake[2]: *** [CMakeFiles/image_view_nodes.dir/build.make:104: CMakeFiles/image_view_nodes.dir/src/image_view_node.cpp.o] Error 1
gmake[1]: *** [CMakeFiles/Makefile2:149: CMakeFiles/image_view_nodes.dir/all] Error 2
gmake: *** [Makefile:146: all] Error 2
