[0.049s] Invoking command in '/home/pi/CaveBot-ros/build/image_view': CMAKE_PREFIX_PATH=${CMAKE_PREFIX_PATH}:/opt/ros/jazzy DEBUGINFOD_URLS=https://debuginfod.ubuntu.com /usr/bin/cmake /home/pi/CaveBot-ros/src/image_pipeline/image_view -DAMENT_CMAKE_SYMLINK_INSTALL=1 -DCMAKE_INSTALL_PREFIX=/home/pi/CaveBot-ros/install/image_view
[0.842s] -- The C compiler identification is GNU 13.3.0
[1.412s] -- The CXX compiler identification is GNU 13.3.0
[1.476s] -- Detecting C compiler ABI info
[1.846s] -- Detecting C compiler ABI info - done
[1.867s] -- Check for working C compiler: /usr/bin/cc - skipped
[1.869s] -- Detecting C compile features
[1.870s] -- Detecting C compile features - done
[1.897s] -- Detecting CXX compiler ABI info
[2.361s] -- Detecting CXX compiler ABI info - done
[2.379s] -- Check for working CXX compiler: /usr/bin/c++ - skipped
[2.379s] -- Detecting CXX compile features
[2.379s] -- Detecting CXX compile features - done
[2.390s] -- Found ament_cmake_auto: 2.5.4 (/opt/ros/jazzy/share/ament_cmake_auto/cmake)
[2.913s] -- Found Python3: /usr/bin/python3 (found version "3.12.3") found components: Interpreter 
[3.408s] -- Override CMake install command with custom implementation using symlinks instead of copying resources
[4.026s] -- Found rosidl_generator_c: 4.6.6 (/opt/ros/jazzy/share/rosidl_generator_c/cmake)
[4.099s] -- Found rosidl_generator_cpp: 4.6.6 (/opt/ros/jazzy/share/rosidl_generator_cpp/cmake)
[4.173s] -- Using all available rosidl_typesupport_c: rosidl_typesupport_fastrtps_c;rosidl_typesupport_introspection_c
[4.220s] -- Using all available rosidl_typesupport_cpp: rosidl_typesupport_fastrtps_cpp;rosidl_typesupport_introspection_cpp
[4.704s] -- Found rmw_implementation_cmake: 7.3.2 (/opt/ros/jazzy/share/rmw_implementation_cmake/cmake)
[4.741s] -- Found rmw_fastrtps_cpp: 8.4.3 (/opt/ros/jazzy/share/rmw_fastrtps_cpp/cmake)
[5.120s] -- Found OpenSSL: /usr/lib/aarch64-linux-gnu/libcrypto.so (found version "3.0.13")  
[5.216s] -- Found FastRTPS: /opt/ros/jazzy/include (Required is at least version "2.13") 
[5.358s] -- Using RMW implementation 'rmw_fastrtps_cpp' as default
[6.084s] -- Setting yaml-cpp_DIR to: '/opt/ros/jazzy/share/yaml_cpp_vendor/cmake/../../../opt/yaml_cpp_vendor/share/cmake/yaml-cpp'
[6.686s] -- Found OpenCV: /usr (found version "4.6.0") 
[6.723s] -- Found ament_lint_auto: 0.17.3 (/opt/ros/jazzy/share/ament_lint_auto/cmake)
[6.762s] [0mIn this package, headers install destination is set to `include` by ament_auto_package. It is recommended to install `include/image_view` instead and will be the default behavior of ament_auto_package from ROS 2 Kilted Kaiju. On distributions before Kilted, ament_auto_package behaves the same way when you use USE_SCOPED_HEADER_INSTALL_DIR option.[0m
[6.776s] -- Added test 'copyright' to check source files copyright and LICENSE
[6.780s] -- Added test 'cppcheck' to perform static code analysis on C / C++ code
[6.781s] -- Configured cppcheck include dirs: /home/pi/CaveBot-ros/src/image_pipeline/image_view/include
[6.781s] -- Configured cppcheck exclude dirs and/or files: 
[6.790s] -- Added test 'cpplint' to check C / C++ code against the Google style
[6.790s] -- Configured cpplint exclude dirs and/or files: 
[6.791s] -- Added test 'flake8' to check Python code syntax and style conventions
[6.791s] -- Configured 'flake8' exclude dirs and/or files: 
[6.792s] -- Added test 'lint_cmake' to check CMake code style
[6.794s] -- Added test 'pep257' to check Python code against some of the docstring style conventions in PEP 257
[6.796s] -- Added test 'uncrustify' to check C / C++ code style
[6.797s] -- Configured uncrustify additional arguments: 
[6.799s] -- Added test 'xmllint' to check XML markup files
[6.810s] -- Configuring done (6.6s)
[6.996s] -- Generating done (0.1s)
[7.049s] -- Build files have been written to: /home/pi/CaveBot-ros/build/image_view
[7.134s] Invoked command in '/home/pi/CaveBot-ros/build/image_view' returned '0': CMAKE_PREFIX_PATH=${CMAKE_PREFIX_PATH}:/opt/ros/jazzy DEBUGINFOD_URLS=https://debuginfod.ubuntu.com /usr/bin/cmake /home/pi/CaveBot-ros/src/image_pipeline/image_view -DAMENT_CMAKE_SYMLINK_INSTALL=1 -DCMAKE_INSTALL_PREFIX=/home/pi/CaveBot-ros/install/image_view
[7.135s] Invoking command in '/home/pi/CaveBot-ros/build/image_view': CMAKE_PREFIX_PATH=${CMAKE_PREFIX_PATH}:/opt/ros/jazzy DEBUGINFOD_URLS=https://debuginfod.ubuntu.com /usr/bin/cmake --build /home/pi/CaveBot-ros/build/image_view -- -j4 -l4
[7.395s] [  5%] [32mBuilding CXX object CMakeFiles/image_view_nodes.dir/src/disparity_view_node.cpp.o[0m
[7.395s] [ 10%] [32mBuilding CXX object CMakeFiles/image_view_nodes.dir/src/extract_images_node.cpp.o[0m
[7.426s] [ 15%] [32mBuilding CXX object CMakeFiles/image_view_nodes.dir/src/image_view_node.cpp.o[0m
[7.433s] [ 21%] [32mBuilding CXX object CMakeFiles/image_view_nodes.dir/src/image_saver_node.cpp.o[0m
[31.560s] [01m[K/home/pi/CaveBot-ros/src/image_pipeline/image_view/src/image_saver_node.cpp:[m[K In constructor â€˜[01m[Kimage_view::ImageSaverNode::[01;32m[KImageSaverNode[m[K(const rclcpp::NodeOptions&)[m[Kâ€™:
[31.560s] [01m[K/home/pi/CaveBot-ros/src/image_pipeline/image_view/src/image_saver_node.cpp:77:46:[m[K [01;31m[Kerror: [m[Kno matching function for call to â€˜[01m[Kimage_transport::TransportHints::TransportHints(<brace-enclosed initializer list>)[m[Kâ€™
[31.560s]    77 |   image_transport::TransportHints hints{*this[01;31m[K}[m[K;
[31.561s]       |                                              [01;31m[K^[m[K
[31.567s] In file included from [01m[K/opt/ros/jazzy/include/image_transport/image_transport/image_transport.hpp:43[m[K,
[31.567s]                  from [01m[K/home/pi/CaveBot-ros/src/image_pipeline/image_view/include/image_view/image_saver_node.hpp:56[m[K,
[31.567s]                  from [01m[K/home/pi/CaveBot-ros/src/image_pipeline/image_view/src/image_saver_node.cpp:56[m[K:
[31.567s] [01m[K/opt/ros/jazzy/include/image_transport/image_transport/transport_hints.hpp:61:3:[m[K [01;36m[Knote: [m[Kcandidate: â€˜[01m[Kimage_transport::TransportHints::[01;32m[KTransportHints[m[K(const rclcpp::Node*, const std::string&, const std::string&)[m[Kâ€™
[31.568s]    61 |   [01;36m[KTransportHints[m[K(
[31.568s]       |   [01;36m[K^~~~~~~~~~~~~~[m[K
[31.568s] [01m[K/opt/ros/jazzy/include/image_transport/image_transport/transport_hints.hpp:62:26:[m[K [01;36m[Knote: [m[K  no known conversion for argument 1 from â€˜[01m[Kimage_view::ImageSaverNode[m[Kâ€™ to â€˜[01m[Kconst rclcpp::Node*[m[Kâ€™
[31.568s]    62 |     [01;36m[Kconst rclcpp::Node * node[m[K,
[31.568s]       |     [01;36m[K~~~~~~~~~~~~~~~~~~~~~^~~~[m[K
[31.568s] [01m[K/opt/ros/jazzy/include/image_transport/image_transport/transport_hints.hpp:45:7:[m[K [01;36m[Knote: [m[Kcandidate: â€˜[01m[Kimage_transport::TransportHints::[01;32m[KTransportHints[m[K(const image_transport::TransportHints&)[m[Kâ€™
[31.568s]    45 | class [01;36m[KTransportHints[m[K
[31.568s]       |       [01;36m[K^~~~~~~~~~~~~~[m[K
[31.568s] [01m[K/opt/ros/jazzy/include/image_transport/image_transport/transport_hints.hpp:45:7:[m[K [01;36m[Knote: [m[K  no known conversion for argument 1 from â€˜[01m[Kimage_view::ImageSaverNode[m[Kâ€™ to â€˜[01m[Kconst image_transport::TransportHints&[m[Kâ€™
[31.569s] [01m[K/opt/ros/jazzy/include/image_transport/image_transport/transport_hints.hpp:45:7:[m[K [01;36m[Knote: [m[Kcandidate: â€˜[01m[Kimage_transport::TransportHints::[01;32m[KTransportHints[m[K(image_transport::TransportHints&&)[m[Kâ€™
[31.569s] [01m[K/opt/ros/jazzy/include/image_transport/image_transport/transport_hints.hpp:45:7:[m[K [01;36m[Knote: [m[K  no known conversion for argument 1 from â€˜[01m[Kimage_view::ImageSaverNode[m[Kâ€™ to â€˜[01m[Kimage_transport::TransportHints&&[m[Kâ€™
[31.591s] [01m[K/home/pi/CaveBot-ros/src/image_pipeline/image_view/src/image_saver_node.cpp:86:5:[m[K [01;31m[Kerror: [m[Kcannot convert â€˜[01m[Kimage_view::ImageSaverNode[m[Kâ€™ to â€˜[01m[Krclcpp::Node*[m[Kâ€™
[31.591s]    86 |     [01;31m[K*this[m[K, topic, std::bind(
[31.594s]       |     [01;31m[K^~~~~[m[K
[31.594s]       |     [01;31m[K|[m[K
[31.594s]       |     [01;31m[Kimage_view::ImageSaverNode[m[K
[31.595s] [01m[K/opt/ros/jazzy/include/image_transport/image_transport/image_transport.hpp:86:18:[m[K [01;36m[Knote: [m[K  initializing argument 1 of â€˜[01m[Kimage_transport::CameraSubscriber image_transport::[01;32m[Kcreate_camera_subscription[m[K(rclcpp::Node*, const std::string&, const CameraSubscriber::Callback&, const std::string&, rmw_qos_profile_t)[m[Kâ€™
[31.595s]    86 |   [01;36m[Krclcpp::Node * node[m[K,
[31.595s]       |   [01;36m[K~~~~~~~~~~~~~~~^~~~[m[K
[31.595s] [01m[K/home/pi/CaveBot-ros/src/image_pipeline/image_view/src/image_saver_node.cpp:92:5:[m[K [01;31m[Kerror: [m[Kcannot convert â€˜[01m[Kimage_view::ImageSaverNode[m[Kâ€™ to â€˜[01m[Krclcpp::Node*[m[Kâ€™
[31.595s]    92 |     [01;31m[K*this[m[K, topic, std::bind(
[31.595s]       |     [01;31m[K^~~~~[m[K
[31.595s]       |     [01;31m[K|[m[K
[31.595s]       |     [01;31m[Kimage_view::ImageSaverNode[m[K
[31.596s] [01m[K/opt/ros/jazzy/include/image_transport/image_transport/image_transport.hpp:64:18:[m[K [01;36m[Knote: [m[K  initializing argument 1 of â€˜[01m[Kimage_transport::Subscriber image_transport::[01;32m[Kcreate_subscription[m[K(rclcpp::Node*, const std::string&, const Subscriber::Callback&, const std::string&, rmw_qos_profile_t, rclcpp::SubscriptionOptions)[m[Kâ€™
[31.605s]    64 |   [01;36m[Krclcpp::Node * node[m[K,
[31.605s]       |   [01;36m[K~~~~~~~~~~~~~~~^~~~[m[K
[32.333s] [01m[K/home/pi/CaveBot-ros/src/image_pipeline/image_view/src/image_view_node.cpp:[m[K In constructor â€˜[01m[Kimage_view::ImageViewNode::[01;32m[KImageViewNode[m[K(const rclcpp::NodeOptions&)[m[Kâ€™:
[32.334s] [01m[K/home/pi/CaveBot-ros/src/image_pipeline/image_view/src/image_view_node.cpp:110:46:[m[K [01;31m[Kerror: [m[Kno matching function for call to â€˜[01m[Kimage_transport::TransportHints::TransportHints(<brace-enclosed initializer list>)[m[Kâ€™
[32.334s]   110 |   image_transport::TransportHints hints{*this[01;31m[K}[m[K;
[32.334s]       |                                              [01;31m[K^[m[K
[32.334s] In file included from [01m[K/opt/ros/jazzy/include/image_transport/image_transport/image_transport.hpp:43[m[K,
[32.349s]                  from [01m[K/home/pi/CaveBot-ros/src/image_pipeline/image_view/include/image_view/image_view_node.hpp:29[m[K,
[32.350s]                  from [01m[K/home/pi/CaveBot-ros/src/image_pipeline/image_view/src/image_view_node.cpp:59[m[K:
[32.350s] [01m[K/opt/ros/jazzy/include/image_transport/image_transport/transport_hints.hpp:61:3:[m[K [01;36m[Knote: [m[Kcandidate: â€˜[01m[Kimage_transport::TransportHints::[01;32m[KTransportHints[m[K(const rclcpp::Node*, const std::string&, const std::string&)[m[Kâ€™
[32.350s]    61 |   [01;36m[KTransportHints[m[K(
[32.350s]       |   [01;36m[K^~~~~~~~~~~~~~[m[K
[32.350s] [01m[K/opt/ros/jazzy/include/image_transport/image_transport/transport_hints.hpp:62:26:[m[K [01;36m[Knote: [m[K  no known conversion for argument 1 from â€˜[01m[Kimage_view::ImageViewNode[m[Kâ€™ to â€˜[01m[Kconst rclcpp::Node*[m[Kâ€™
[32.350s]    62 |     [01;36m[Kconst rclcpp::Node * node[m[K,
[32.350s]       |     [01;36m[K~~~~~~~~~~~~~~~~~~~~~^~~~[m[K
[32.351s] [01m[K/opt/ros/jazzy/include/image_transport/image_transport/transport_hints.hpp:45:7:[m[K [01;36m[Knote: [m[Kcandidate: â€˜[01m[Kimage_transport::TransportHints::[01;32m[KTransportHints[m[K(const image_transport::TransportHints&)[m[Kâ€™
[32.362s]    45 | class [01;36m[KTransportHints[m[K
[32.362s]       |       [01;36m[K^~~~~~~~~~~~~~[m[K
[32.362s] [01m[K/opt/ros/jazzy/include/image_transport/image_transport/transport_hints.hpp:45:7:[m[K [01;36m[Knote: [m[K  no known conversion for argument 1 from â€˜[01m[Kimage_view::ImageViewNode[m[Kâ€™ to â€˜[01m[Kconst image_transport::TransportHints&[m[Kâ€™
[32.362s] [01m[K/opt/ros/jazzy/include/image_transport/image_transport/transport_hints.hpp:45:7:[m[K [01;36m[Knote: [m[Kcandidate: â€˜[01m[Kimage_transport::TransportHints::[01;32m[KTransportHints[m[K(image_transport::TransportHints&&)[m[Kâ€™
[32.362s] [01m[K/opt/ros/jazzy/include/image_transport/image_transport/transport_hints.hpp:45:7:[m[K [01;36m[Knote: [m[K  no known conversion for argument 1 from â€˜[01m[Kimage_view::ImageViewNode[m[Kâ€™ to â€˜[01m[Kimage_transport::TransportHints&&[m[Kâ€™
[32.402s] [01m[K/home/pi/CaveBot-ros/src/image_pipeline/image_view/src/image_view_node.cpp:120:5:[m[K [01;31m[Kerror: [m[Kcannot convert â€˜[01m[Kimage_view::ImageViewNode[m[Kâ€™ to â€˜[01m[Krclcpp::Node*[m[Kâ€™
[32.417s]   120 |     [01;31m[K*this[m[K, topic, std::bind(&ImageViewNode::imageCb, this, std::placeholders::_1),
[32.417s]       |     [01;31m[K^~~~~[m[K
[32.417s]       |     [01;31m[K|[m[K
[32.417s]       |     [01;31m[Kimage_view::ImageViewNode[m[K
[32.417s] [01m[K/opt/ros/jazzy/include/image_transport/image_transport/image_transport.hpp:64:18:[m[K [01;36m[Knote: [m[K  initializing argument 1 of â€˜[01m[Kimage_transport::Subscriber image_transport::[01;32m[Kcreate_subscription[m[K(rclcpp::Node*, const std::string&, const Subscriber::Callback&, const std::string&, rmw_qos_profile_t, rclcpp::SubscriptionOptions)[m[Kâ€™
[32.417s]    64 |   [01;36m[Krclcpp::Node * node[m[K,
[32.418s]       |   [01;36m[K~~~~~~~~~~~~~~~^~~~[m[K
[34.756s] [01m[K/home/pi/CaveBot-ros/src/image_pipeline/image_view/src/extract_images_node.cpp:[m[K In constructor â€˜[01m[Kimage_view::ExtractImagesNode::[01;32m[KExtractImagesNode[m[K(const rclcpp::NodeOptions&)[m[Kâ€™:
[34.758s] [01m[K/home/pi/CaveBot-ros/src/image_pipeline/image_view/src/extract_images_node.cpp:79:46:[m[K [01;31m[Kerror: [m[Kno matching function for call to â€˜[01m[Kimage_transport::TransportHints::TransportHints(<brace-enclosed initializer list>)[m[Kâ€™
[34.758s]    79 |   image_transport::TransportHints hints{*this[01;31m[K}[m[K;
[34.759s]       |                                              [01;31m[K^[m[K
[34.759s] In file included from [01m[K/opt/ros/jazzy/include/image_transport/image_transport/image_transport.hpp:43[m[K,
[34.759s]                  from [01m[K/home/pi/CaveBot-ros/src/image_pipeline/image_view/src/extract_images_node.cpp:58[m[K:
[34.760s] [01m[K/opt/ros/jazzy/include/image_transport/image_transport/transport_hints.hpp:61:3:[m[K [01;36m[Knote: [m[Kcandidate: â€˜[01m[Kimage_transport::TransportHints::[01;32m[KTransportHints[m[K(const rclcpp::Node*, const std::string&, const std::string&)[m[Kâ€™
[34.761s]    61 |   [01;36m[KTransportHints[m[K(
[34.787s]       |   [01;36m[K^~~~~~~~~~~~~~[m[K
[34.787s] [01m[K/opt/ros/jazzy/include/image_transport/image_transport/transport_hints.hpp:62:26:[m[K [01;36m[Knote: [m[K  no known conversion for argument 1 from â€˜[01m[Kimage_view::ExtractImagesNode[m[Kâ€™ to â€˜[01m[Kconst rclcpp::Node*[m[Kâ€™
[34.787s]    62 |     [01;36m[Kconst rclcpp::Node * node[m[K,
[34.787s]       |     [01;36m[K~~~~~~~~~~~~~~~~~~~~~^~~~[m[K
[34.787s] [01m[K/opt/ros/jazzy/include/image_transport/image_transport/transport_hints.hpp:45:7:[m[K [01;36m[Knote: [m[Kcandidate: â€˜[01m[Kimage_transport::TransportHints::[01;32m[KTransportHints[m[K(const image_transport::TransportHints&)[m[Kâ€™
[34.787s]    45 | class [01;36m[KTransportHints[m[K
[34.787s]       |       [01;36m[K^~~~~~~~~~~~~~[m[K
[34.788s] [01m[K/opt/ros/jazzy/include/image_transport/image_transport/transport_hints.hpp:45:7:[m[K [01;36m[Knote: [m[K  no known conversion for argument 1 from â€˜[01m[Kimage_view::ExtractImagesNode[m[Kâ€™ to â€˜[01m[Kconst image_transport::TransportHints&[m[Kâ€™
[34.788s] [01m[K/opt/ros/jazzy/include/image_transport/image_transport/transport_hints.hpp:45:7:[m[K [01;36m[Knote: [m[Kcandidate: â€˜[01m[Kimage_transport::TransportHints::[01;32m[KTransportHints[m[K(image_transport::TransportHints&&)[m[Kâ€™
[34.788s] [01m[K/opt/ros/jazzy/include/image_transport/image_transport/transport_hints.hpp:45:7:[m[K [01;36m[Knote: [m[K  no known conversion for argument 1 from â€˜[01m[Kimage_view::ExtractImagesNode[m[Kâ€™ to â€˜[01m[Kimage_transport::TransportHints&&[m[Kâ€™
[34.813s] [01m[K/home/pi/CaveBot-ros/src/image_pipeline/image_view/src/extract_images_node.cpp:83:5:[m[K [01;31m[Kerror: [m[Kcannot convert â€˜[01m[Kimage_view::ExtractImagesNode[m[Kâ€™ to â€˜[01m[Krclcpp::Node*[m[Kâ€™
[34.813s]    83 |     [01;31m[K*this[m[K, topic, std::bind(
[34.813s]       |     [01;31m[K^~~~~[m[K
[34.813s]       |     [01;31m[K|[m[K
[34.813s]       |     [01;31m[Kimage_view::ExtractImagesNode[m[K
[34.813s] [01m[K/opt/ros/jazzy/include/image_transport/image_transport/image_transport.hpp:64:18:[m[K [01;36m[Knote: [m[K  initializing argument 1 of â€˜[01m[Kimage_transport::Subscriber image_transport::[01;32m[Kcreate_subscription[m[K(rclcpp::Node*, const std::string&, const Subscriber::Callback&, const std::string&, rmw_qos_profile_t, rclcpp::SubscriptionOptions)[m[Kâ€™
[34.813s]    64 |   [01;36m[Krclcpp::Node * node[m[K,
[34.814s]       |   [01;36m[K~~~~~~~~~~~~~~~^~~~[m[K
[42.879s] gmake[2]: *** [CMakeFiles/image_view_nodes.dir/build.make:118: CMakeFiles/image_view_nodes.dir/src/image_saver_node.cpp.o] Error 1
[42.883s] gmake[2]: *** Waiting for unfinished jobs....
[43.614s] gmake[2]: *** [CMakeFiles/image_view_nodes.dir/build.make:90: CMakeFiles/image_view_nodes.dir/src/extract_images_node.cpp.o] Error 1
[45.110s] gmake[2]: *** [CMakeFiles/image_view_nodes.dir/build.make:104: CMakeFiles/image_view_nodes.dir/src/image_view_node.cpp.o] Error 1
[55.803s] gmake[1]: *** [CMakeFiles/Makefile2:149: CMakeFiles/image_view_nodes.dir/all] Error 2
[55.810s] gmake: *** [Makefile:146: all] Error 2
