[0.028s] Invoking command in '/home/pi/CaveBot-ros/build/image_rotate': CMAKE_PREFIX_PATH=${CMAKE_PREFIX_PATH}:/opt/ros/jazzy DEBUGINFOD_URLS=https://debuginfod.ubuntu.com /usr/bin/cmake /home/pi/CaveBot-ros/src/image_pipeline/image_rotate -DAMENT_CMAKE_SYMLINK_INSTALL=1 -DCMAKE_INSTALL_PREFIX=/home/pi/CaveBot-ros/install/image_rotate
[0.268s] -- The C compiler identification is GNU 13.3.0
[0.473s] -- The CXX compiler identification is GNU 13.3.0
[0.519s] -- Detecting C compiler ABI info
[0.801s] -- Detecting C compiler ABI info - done
[0.819s] -- Check for working C compiler: /usr/bin/cc - skipped
[0.822s] -- Detecting C compile features
[0.822s] -- Detecting C compile features - done
[0.852s] -- Detecting CXX compiler ABI info
[1.275s] -- Detecting CXX compiler ABI info - done
[1.322s] -- Check for working CXX compiler: /usr/bin/c++ - skipped
[1.324s] -- Detecting CXX compile features
[1.325s] -- Detecting CXX compile features - done
[1.330s] -- Found ament_cmake_auto: 2.5.4 (/opt/ros/jazzy/share/ament_cmake_auto/cmake)
[2.220s] -- Found Python3: /usr/bin/python3 (found version "3.12.3") found components: Interpreter 
[2.541s] -- Override CMake install command with custom implementation using symlinks instead of copying resources
[3.192s] -- Found rosidl_generator_c: 4.6.6 (/opt/ros/jazzy/share/rosidl_generator_c/cmake)
[3.241s] -- Found rosidl_generator_cpp: 4.6.6 (/opt/ros/jazzy/share/rosidl_generator_cpp/cmake)
[3.298s] -- Using all available rosidl_typesupport_c: rosidl_typesupport_fastrtps_c;rosidl_typesupport_introspection_c
[3.333s] -- Using all available rosidl_typesupport_cpp: rosidl_typesupport_fastrtps_cpp;rosidl_typesupport_introspection_cpp
[3.870s] -- Found rmw_implementation_cmake: 7.3.2 (/opt/ros/jazzy/share/rmw_implementation_cmake/cmake)
[3.873s] -- Found rmw_fastrtps_cpp: 8.4.3 (/opt/ros/jazzy/share/rmw_fastrtps_cpp/cmake)
[4.138s] -- Found OpenSSL: /usr/lib/aarch64-linux-gnu/libcrypto.so (found version "3.0.13")  
[4.199s] -- Found FastRTPS: /opt/ros/jazzy/include (Required is at least version "2.13") 
[4.242s] -- Using RMW implementation 'rmw_fastrtps_cpp' as default
[4.648s] -- Found eigen3_cmake_module: 0.3.0 (/opt/ros/jazzy/share/eigen3_cmake_module/cmake)
[4.674s] -- Found Eigen3: TRUE (found version "3.4.0") 
[4.674s] -- Ensuring Eigen3 include directory is part of orocos-kdl CMake target
[5.336s] -- Found OpenCV: /usr (found version "4.6.0") found components: core imgproc 
[5.486s] -- Found ament_lint_auto: 0.17.3 (/opt/ros/jazzy/share/ament_lint_auto/cmake)
[5.700s] [0mIn this package, headers install destination is set to `include` by ament_auto_package. It is recommended to install `include/image_rotate` instead and will be the default behavior of ament_auto_package from ROS 2 Kilted Kaiju. On distributions before Kilted, ament_auto_package behaves the same way when you use USE_SCOPED_HEADER_INSTALL_DIR option.[0m
[5.777s] -- Added test 'copyright' to check source files copyright and LICENSE
[5.790s] -- Added test 'cppcheck' to perform static code analysis on C / C++ code
[5.799s] -- Configured cppcheck include dirs: /home/pi/CaveBot-ros/src/image_pipeline/image_rotate/include
[5.799s] -- Configured cppcheck exclude dirs and/or files: 
[5.819s] -- Added test 'cpplint' to check C / C++ code against the Google style
[5.819s] -- Configured cpplint exclude dirs and/or files: 
[5.820s] -- Added test 'flake8' to check Python code syntax and style conventions
[5.838s] -- Configured 'flake8' exclude dirs and/or files: 
[5.853s] -- Added test 'lint_cmake' to check CMake code style
[5.853s] -- Added test 'pep257' to check Python code against some of the docstring style conventions in PEP 257
[5.870s] -- Added test 'uncrustify' to check C / C++ code style
[5.870s] -- Configured uncrustify additional arguments: 
[5.887s] -- Added test 'xmllint' to check XML markup files
[5.939s] -- Configuring done (5.9s)
[6.202s] -- Generating done (0.2s)
[6.325s] -- Build files have been written to: /home/pi/CaveBot-ros/build/image_rotate
[6.486s] Invoked command in '/home/pi/CaveBot-ros/build/image_rotate' returned '0': CMAKE_PREFIX_PATH=${CMAKE_PREFIX_PATH}:/opt/ros/jazzy DEBUGINFOD_URLS=https://debuginfod.ubuntu.com /usr/bin/cmake /home/pi/CaveBot-ros/src/image_pipeline/image_rotate -DAMENT_CMAKE_SYMLINK_INSTALL=1 -DCMAKE_INSTALL_PREFIX=/home/pi/CaveBot-ros/install/image_rotate
[6.487s] Invoking command in '/home/pi/CaveBot-ros/build/image_rotate': CMAKE_PREFIX_PATH=${CMAKE_PREFIX_PATH}:/opt/ros/jazzy DEBUGINFOD_URLS=https://debuginfod.ubuntu.com /usr/bin/cmake --build /home/pi/CaveBot-ros/build/image_rotate -- -j4 -l4
[6.782s] [ 12%] [32mBuilding CXX object CMakeFiles/image_rotate.dir/src/image_rotate_node.cpp.o[0m
[6.782s] [ 25%] [32mBuilding CXX object CMakeFiles/image_flip_node.dir/rclcpp_components/node_main_image_flip_node.cpp.o[0m
[35.765s] [ 37%] [32m[1mLinking CXX executable image_flip_node[0m
[36.324s] [ 37%] Built target image_flip_node
[36.332s] [01m[K/home/pi/CaveBot-ros/src/image_pipeline/image_rotate/src/image_rotate_node.cpp:[m[K In lambda function:
[36.340s] [01m[K/home/pi/CaveBot-ros/src/image_pipeline/image_rotate/src/image_rotate_node.cpp:316:16:[m[K [01;31m[Kerror: [m[Kno matching function for call to â€˜[01m[Kimage_transport::TransportHints::TransportHints(image_rotate::ImageRotateNode&, const char [4])[m[Kâ€™
[36.341s]   316 |           "raw"[01;31m[K)[m[K;
[36.341s]       |                [01;31m[K^[m[K
[36.341s] In file included from [01m[K/opt/ros/jazzy/include/image_transport/image_transport/image_transport.hpp:43[m[K,
[36.341s]                  from [01m[K/home/pi/CaveBot-ros/src/image_pipeline/image_rotate/include/image_rotate/image_rotate_node.hpp:44[m[K,
[36.341s]                  from [01m[K/home/pi/CaveBot-ros/src/image_pipeline/image_rotate/src/image_rotate_node.cpp:42[m[K:
[36.341s] [01m[K/opt/ros/jazzy/include/image_transport/image_transport/transport_hints.hpp:61:3:[m[K [01;36m[Knote: [m[Kcandidate: â€˜[01m[Kimage_transport::TransportHints::[01;32m[KTransportHints[m[K(const rclcpp::Node*, const std::string&, const std::string&)[m[Kâ€™
[36.341s]    61 |   [01;36m[KTransportHints[m[K(
[36.341s]       |   [01;36m[K^~~~~~~~~~~~~~[m[K
[36.341s] [01m[K/opt/ros/jazzy/include/image_transport/image_transport/transport_hints.hpp:62:26:[m[K [01;36m[Knote: [m[K  no known conversion for argument 1 from â€˜[01m[Kimage_rotate::ImageRotateNode[m[Kâ€™ to â€˜[01m[Kconst rclcpp::Node*[m[Kâ€™
[36.342s]    62 |     [01;36m[Kconst rclcpp::Node * node[m[K,
[36.342s]       |     [01;36m[K~~~~~~~~~~~~~~~~~~~~~^~~~[m[K
[36.342s] [01m[K/opt/ros/jazzy/include/image_transport/image_transport/transport_hints.hpp:45:7:[m[K [01;36m[Knote: [m[Kcandidate: â€˜[01m[Kimage_transport::TransportHints::[01;32m[KTransportHints[m[K(const image_transport::TransportHints&)[m[Kâ€™
[36.342s]    45 | class [01;36m[KTransportHints[m[K
[36.342s]       |       [01;36m[K^~~~~~~~~~~~~~[m[K
[36.342s] [01m[K/opt/ros/jazzy/include/image_transport/image_transport/transport_hints.hpp:45:7:[m[K [01;36m[Knote: [m[K  candidate expects 1 argument, 2 provided
[36.342s] [01m[K/opt/ros/jazzy/include/image_transport/image_transport/transport_hints.hpp:45:7:[m[K [01;36m[Knote: [m[Kcandidate: â€˜[01m[Kimage_transport::TransportHints::[01;32m[KTransportHints[m[K(image_transport::TransportHints&&)[m[Kâ€™
[36.342s] [01m[K/opt/ros/jazzy/include/image_transport/image_transport/transport_hints.hpp:45:7:[m[K [01;36m[Knote: [m[K  candidate expects 1 argument, 2 provided
[36.367s] [01m[K/home/pi/CaveBot-ros/src/image_pipeline/image_rotate/src/image_rotate_node.cpp:322:13:[m[K [01;31m[Kerror: [m[Kcannot convert â€˜[01m[Kimage_rotate::ImageRotateNode[m[Kâ€™ to â€˜[01m[Krclcpp::Node*[m[Kâ€™
[36.373s]   322 |             [01;31m[K*this[m[K,
[36.374s]       |             [01;31m[K^~~~~[m[K
[36.374s]       |             [01;31m[K|[m[K
[36.379s]       |             [01;31m[Kimage_rotate::ImageRotateNode[m[K
[36.379s] [01m[K/opt/ros/jazzy/include/image_transport/image_transport/image_transport.hpp:86:18:[m[K [01;36m[Knote: [m[K  initializing argument 1 of â€˜[01m[Kimage_transport::CameraSubscriber image_transport::[01;32m[Kcreate_camera_subscription[m[K(rclcpp::Node*, const std::string&, const CameraSubscriber::Callback&, const std::string&, rmw_qos_profile_t)[m[Kâ€™
[36.379s]    86 |   [01;36m[Krclcpp::Node * node[m[K,
[36.380s]       |   [01;36m[K~~~~~~~~~~~~~~~^~~~[m[K
[36.399s] [01m[K/home/pi/CaveBot-ros/src/image_pipeline/image_rotate/src/image_rotate_node.cpp:333:13:[m[K [01;31m[Kerror: [m[Kcannot convert â€˜[01m[Kimage_rotate::ImageRotateNode[m[Kâ€™ to â€˜[01m[Krclcpp::Node*[m[Kâ€™
[36.399s]   333 |             [01;31m[K*this[m[K,
[36.400s]       |             [01;31m[K^~~~~[m[K
[36.400s]       |             [01;31m[K|[m[K
[36.400s]       |             [01;31m[Kimage_rotate::ImageRotateNode[m[K
[36.405s] [01m[K/opt/ros/jazzy/include/image_transport/image_transport/image_transport.hpp:64:18:[m[K [01;36m[Knote: [m[K  initializing argument 1 of â€˜[01m[Kimage_transport::Subscriber image_transport::[01;32m[Kcreate_subscription[m[K(rclcpp::Node*, const std::string&, const Subscriber::Callback&, const std::string&, rmw_qos_profile_t, rclcpp::SubscriptionOptions)[m[Kâ€™
[36.406s]    64 |   [01;36m[Krclcpp::Node * node[m[K,
[36.406s]       |   [01;36m[K~~~~~~~~~~~~~~~^~~~[m[K
[36.411s] [01m[K/home/pi/CaveBot-ros/src/image_pipeline/image_rotate/src/image_rotate_node.cpp:[m[K In member function â€˜[01m[Kvoid image_rotate::ImageRotateNode::[01;32m[KonInit[m[K()[m[Kâ€™:
[36.412s] [01m[K/home/pi/CaveBot-ros/src/image_pipeline/image_rotate/src/image_rotate_node.cpp:349:48:[m[K [01;31m[Kerror: [m[Kcannot convert â€˜[01m[Kimage_rotate::ImageRotateNode[m[Kâ€™ to â€˜[01m[Krclcpp::Node*[m[Kâ€™
[36.412s]   349 |   img_pub_ = image_transport::create_publisher([01;31m[K*this[m[K, topic, rclcpp::SystemDefaultsQoS(),
[36.413s]       |                                                [01;31m[K^~~~~[m[K
[36.413s]       |                                                [01;31m[K|[m[K
[36.414s]       |                                                [01;31m[Kimage_rotate::ImageRotateNode[m[K
[36.414s] [01m[K/opt/ros/jazzy/include/image_transport/image_transport/image_transport.hpp:54:18:[m[K [01;36m[Knote: [m[K  initializing argument 1 of â€˜[01m[Kimage_transport::Publisher image_transport::[01;32m[Kcreate_publisher[m[K(rclcpp::Node*, const std::string&, rmw_qos_profile_t, rclcpp::PublisherOptions)[m[Kâ€™
[36.414s]    54 |   [01;36m[Krclcpp::Node * node[m[K,
[36.414s]       |   [01;36m[K~~~~~~~~~~~~~~~^~~~[m[K
[43.027s] gmake[2]: *** [CMakeFiles/image_rotate.dir/build.make:76: CMakeFiles/image_rotate.dir/src/image_rotate_node.cpp.o] Error 1
[43.027s] gmake[1]: *** [CMakeFiles/Makefile2:143: CMakeFiles/image_rotate.dir/all] Error 2
[43.027s] gmake: *** [Makefile:146: all] Error 2
