[0.052s] Invoking command in '/home/pi/CaveBot-ros/build/image_rotate': CMAKE_PREFIX_PATH=${CMAKE_PREFIX_PATH}:/opt/ros/jazzy DEBUGINFOD_URLS=https://debuginfod.ubuntu.com /usr/bin/cmake --build /home/pi/CaveBot-ros/build/image_rotate -- -j4 -l4
[0.307s] [ 25%] Built target image_flip_node
[0.352s] [ 37%] [32mBuilding CXX object CMakeFiles/image_rotate.dir/src/image_rotate_node.cpp.o[0m
[20.806s] [01m[K/home/pi/CaveBot-ros/src/image_pipeline/image_rotate/src/image_rotate_node.cpp:[m[K In lambda function:
[20.807s] [01m[K/home/pi/CaveBot-ros/src/image_pipeline/image_rotate/src/image_rotate_node.cpp:316:16:[m[K [01;31m[Kerror: [m[Kno matching function for call to â€˜[01m[Kimage_transport::TransportHints::TransportHints(image_rotate::ImageRotateNode&, const char [4])[m[Kâ€™
[20.807s]   316 |           "raw"[01;31m[K)[m[K;
[20.808s]       |                [01;31m[K^[m[K
[20.809s] In file included from [01m[K/opt/ros/jazzy/include/image_transport/image_transport/image_transport.hpp:43[m[K,
[20.809s]                  from [01m[K/home/pi/CaveBot-ros/src/image_pipeline/image_rotate/include/image_rotate/image_rotate_node.hpp:44[m[K,
[20.809s]                  from [01m[K/home/pi/CaveBot-ros/src/image_pipeline/image_rotate/src/image_rotate_node.cpp:42[m[K:
[20.809s] [01m[K/opt/ros/jazzy/include/image_transport/image_transport/transport_hints.hpp:61:3:[m[K [01;36m[Knote: [m[Kcandidate: â€˜[01m[Kimage_transport::TransportHints::[01;32m[KTransportHints[m[K(const rclcpp::Node*, const std::string&, const std::string&)[m[Kâ€™
[20.809s]    61 |   [01;36m[KTransportHints[m[K(
[20.809s]       |   [01;36m[K^~~~~~~~~~~~~~[m[K
[20.809s] [01m[K/opt/ros/jazzy/include/image_transport/image_transport/transport_hints.hpp:62:26:[m[K [01;36m[Knote: [m[K  no known conversion for argument 1 from â€˜[01m[Kimage_rotate::ImageRotateNode[m[Kâ€™ to â€˜[01m[Kconst rclcpp::Node*[m[Kâ€™
[20.809s]    62 |     [01;36m[Kconst rclcpp::Node * node[m[K,
[20.810s]       |     [01;36m[K~~~~~~~~~~~~~~~~~~~~~^~~~[m[K
[20.810s] [01m[K/opt/ros/jazzy/include/image_transport/image_transport/transport_hints.hpp:45:7:[m[K [01;36m[Knote: [m[Kcandidate: â€˜[01m[Kimage_transport::TransportHints::[01;32m[KTransportHints[m[K(const image_transport::TransportHints&)[m[Kâ€™
[20.810s]    45 | class [01;36m[KTransportHints[m[K
[20.810s]       |       [01;36m[K^~~~~~~~~~~~~~[m[K
[20.810s] [01m[K/opt/ros/jazzy/include/image_transport/image_transport/transport_hints.hpp:45:7:[m[K [01;36m[Knote: [m[K  candidate expects 1 argument, 2 provided
[20.810s] [01m[K/opt/ros/jazzy/include/image_transport/image_transport/transport_hints.hpp:45:7:[m[K [01;36m[Knote: [m[Kcandidate: â€˜[01m[Kimage_transport::TransportHints::[01;32m[KTransportHints[m[K(image_transport::TransportHints&&)[m[Kâ€™
[20.810s] [01m[K/opt/ros/jazzy/include/image_transport/image_transport/transport_hints.hpp:45:7:[m[K [01;36m[Knote: [m[K  candidate expects 1 argument, 2 provided
[20.823s] [01m[K/home/pi/CaveBot-ros/src/image_pipeline/image_rotate/src/image_rotate_node.cpp:322:13:[m[K [01;31m[Kerror: [m[Kcannot convert â€˜[01m[Kimage_rotate::ImageRotateNode[m[Kâ€™ to â€˜[01m[Krclcpp::Node*[m[Kâ€™
[20.823s]   322 |             [01;31m[K*this[m[K,
[20.823s]       |             [01;31m[K^~~~~[m[K
[20.824s]       |             [01;31m[K|[m[K
[20.824s]       |             [01;31m[Kimage_rotate::ImageRotateNode[m[K
[20.824s] [01m[K/opt/ros/jazzy/include/image_transport/image_transport/image_transport.hpp:86:18:[m[K [01;36m[Knote: [m[K  initializing argument 1 of â€˜[01m[Kimage_transport::CameraSubscriber image_transport::[01;32m[Kcreate_camera_subscription[m[K(rclcpp::Node*, const std::string&, const CameraSubscriber::Callback&, const std::string&, rmw_qos_profile_t)[m[Kâ€™
[20.824s]    86 |   [01;36m[Krclcpp::Node * node[m[K,
[20.824s]       |   [01;36m[K~~~~~~~~~~~~~~~^~~~[m[K
[20.829s] [01m[K/home/pi/CaveBot-ros/src/image_pipeline/image_rotate/src/image_rotate_node.cpp:333:13:[m[K [01;31m[Kerror: [m[Kcannot convert â€˜[01m[Kimage_rotate::ImageRotateNode[m[Kâ€™ to â€˜[01m[Krclcpp::Node*[m[Kâ€™
[20.829s]   333 |             [01;31m[K*this[m[K,
[20.829s]       |             [01;31m[K^~~~~[m[K
[20.830s]       |             [01;31m[K|[m[K
[20.830s]       |             [01;31m[Kimage_rotate::ImageRotateNode[m[K
[20.830s] [01m[K/opt/ros/jazzy/include/image_transport/image_transport/image_transport.hpp:64:18:[m[K [01;36m[Knote: [m[K  initializing argument 1 of â€˜[01m[Kimage_transport::Subscriber image_transport::[01;32m[Kcreate_subscription[m[K(rclcpp::Node*, const std::string&, const Subscriber::Callback&, const std::string&, rmw_qos_profile_t, rclcpp::SubscriptionOptions)[m[Kâ€™
[20.830s]    64 |   [01;36m[Krclcpp::Node * node[m[K,
[20.830s]       |   [01;36m[K~~~~~~~~~~~~~~~^~~~[m[K
[20.833s] [01m[K/home/pi/CaveBot-ros/src/image_pipeline/image_rotate/src/image_rotate_node.cpp:[m[K In member function â€˜[01m[Kvoid image_rotate::ImageRotateNode::[01;32m[KonInit[m[K()[m[Kâ€™:
[20.833s] [01m[K/home/pi/CaveBot-ros/src/image_pipeline/image_rotate/src/image_rotate_node.cpp:349:48:[m[K [01;31m[Kerror: [m[Kcannot convert â€˜[01m[Kimage_rotate::ImageRotateNode[m[Kâ€™ to â€˜[01m[Krclcpp::Node*[m[Kâ€™
[20.833s]   349 |   img_pub_ = image_transport::create_publisher([01;31m[K*this[m[K, topic, rclcpp::SystemDefaultsQoS(),
[20.834s]       |                                                [01;31m[K^~~~~[m[K
[20.834s]       |                                                [01;31m[K|[m[K
[20.834s]       |                                                [01;31m[Kimage_rotate::ImageRotateNode[m[K
[20.834s] [01m[K/opt/ros/jazzy/include/image_transport/image_transport/image_transport.hpp:54:18:[m[K [01;36m[Knote: [m[K  initializing argument 1 of â€˜[01m[Kimage_transport::Publisher image_transport::[01;32m[Kcreate_publisher[m[K(rclcpp::Node*, const std::string&, rmw_qos_profile_t, rclcpp::PublisherOptions)[m[Kâ€™
[20.835s]    54 |   [01;36m[Krclcpp::Node * node[m[K,
[20.839s]       |   [01;36m[K~~~~~~~~~~~~~~~^~~~[m[K
[24.867s] gmake[2]: *** [CMakeFiles/image_rotate.dir/build.make:76: CMakeFiles/image_rotate.dir/src/image_rotate_node.cpp.o] Error 1
[24.867s] gmake[1]: *** [CMakeFiles/Makefile2:143: CMakeFiles/image_rotate.dir/all] Error 2
[24.868s] gmake: *** [Makefile:146: all] Error 2
