[0.024s] Invoking command in '/home/pi/CaveBot-ros/build/image_proc': AMENT_PREFIX_PATH=/home/pi/CaveBot-ros/install/tracetools_image_pipeline:${AMENT_PREFIX_PATH} CMAKE_PREFIX_PATH=/home/pi/CaveBot-ros/install/tracetools_image_pipeline:/home/pi/CaveBot-ros/install/camera_ros:/opt/ros/jazzy/opt/gz_math_vendor:/opt/ros/jazzy/opt/gz_utils_vendor:/opt/ros/jazzy/opt/gz_cmake_vendor:/opt/ros/jazzy DEBUGINFOD_URLS=https://debuginfod.ubuntu.com LD_LIBRARY_PATH=/home/pi/CaveBot-ros/install/tracetools_image_pipeline/lib:${LD_LIBRARY_PATH} /usr/bin/cmake /home/pi/CaveBot-ros/src/image_pipeline/image_proc -DAMENT_CMAKE_SYMLINK_INSTALL=1 -DCMAKE_INSTALL_PREFIX=/home/pi/CaveBot-ros/install/image_proc
[0.384s] -- The C compiler identification is GNU 13.3.0
[0.582s] -- The CXX compiler identification is GNU 13.3.0
[0.618s] -- Detecting C compiler ABI info
[0.960s] -- Detecting C compiler ABI info - done
[1.028s] -- Check for working C compiler: /usr/bin/cc - skipped
[1.043s] -- Detecting C compile features
[1.043s] -- Detecting C compile features - done
[1.116s] -- Detecting CXX compiler ABI info
[1.503s] -- Detecting CXX compiler ABI info - done
[1.533s] -- Check for working CXX compiler: /usr/bin/c++ - skipped
[1.534s] -- Detecting CXX compile features
[1.535s] -- Detecting CXX compile features - done
[1.539s] -- Found ament_cmake_auto: 2.5.4 (/opt/ros/jazzy/share/ament_cmake_auto/cmake)
[1.875s] -- Found Python3: /usr/bin/python3 (found version "3.12.3") found components: Interpreter 
[2.172s] -- Override CMake install command with custom implementation using symlinks instead of copying resources
[2.605s] -- Found rosidl_generator_c: 4.6.6 (/opt/ros/jazzy/share/rosidl_generator_c/cmake)
[2.630s] -- Found rosidl_generator_cpp: 4.6.6 (/opt/ros/jazzy/share/rosidl_generator_cpp/cmake)
[2.664s] -- Using all available rosidl_typesupport_c: rosidl_typesupport_fastrtps_c;rosidl_typesupport_introspection_c
[2.693s] -- Using all available rosidl_typesupport_cpp: rosidl_typesupport_fastrtps_cpp;rosidl_typesupport_introspection_cpp
[2.859s] -- Found rmw_implementation_cmake: 7.3.2 (/opt/ros/jazzy/share/rmw_implementation_cmake/cmake)
[2.859s] -- Found rmw_fastrtps_cpp: 8.4.3 (/opt/ros/jazzy/share/rmw_fastrtps_cpp/cmake)
[3.052s] -- Found OpenSSL: /usr/lib/aarch64-linux-gnu/libcrypto.so (found version "3.0.13")  
[3.093s] -- Found FastRTPS: /opt/ros/jazzy/include (Required is at least version "2.13") 
[3.151s] -- Using RMW implementation 'rmw_fastrtps_cpp' as default
[3.577s] -- Setting yaml-cpp_DIR to: '/opt/ros/jazzy/share/yaml_cpp_vendor/cmake/../../../opt/yaml_cpp_vendor/share/cmake/yaml-cpp'
[4.280s] -- Found eigen3_cmake_module: 0.3.0 (/opt/ros/jazzy/share/eigen3_cmake_module/cmake)
[4.287s] -- Found Eigen3: TRUE (found version "3.4.0") 
[4.288s] -- Ensuring Eigen3 include directory is part of orocos-kdl CMake target
[4.823s] -- Found OpenCV: /usr (found version "4.6.0") 
[4.901s] -- Found ament_lint_auto: 0.17.3 (/opt/ros/jazzy/share/ament_lint_auto/cmake)
[4.959s] -- Found ament_cmake_gtest: 2.5.4 (/opt/ros/jazzy/share/ament_cmake_gtest/cmake)
[4.982s] -- Found gtest sources under '/opt/ros/jazzy/src/gtest_vendor': C++ tests using 'Google Test' will be built
[5.016s] -- Performing Test CMAKE_HAVE_LIBC_PTHREAD
[5.476s] -- Performing Test CMAKE_HAVE_LIBC_PTHREAD - Success
[5.480s] -- Found Threads: TRUE  
[5.594s] [0mIn this package, headers install destination is set to `include` by ament_auto_package. It is recommended to install `include/image_proc` instead and will be the default behavior of ament_auto_package from ROS 2 Kilted Kaiju. On distributions before Kilted, ament_auto_package behaves the same way when you use USE_SCOPED_HEADER_INSTALL_DIR option.[0m
[5.688s] -- Added test 'copyright' to check source files copyright and LICENSE
[5.717s] -- Added test 'cppcheck' to perform static code analysis on C / C++ code
[5.746s] -- Configured cppcheck include dirs: /home/pi/CaveBot-ros/src/image_pipeline/image_proc/include
[5.747s] -- Configured cppcheck exclude dirs and/or files: 
[5.751s] -- Added test 'cpplint' to check C / C++ code against the Google style
[5.762s] -- Configured cpplint exclude dirs and/or files: 
[5.766s] -- Added test 'flake8' to check Python code syntax and style conventions
[5.770s] -- Configured 'flake8' exclude dirs and/or files: 
[5.794s] -- Added test 'lint_cmake' to check CMake code style
[5.799s] -- Added test 'pep257' to check Python code against some of the docstring style conventions in PEP 257
[5.830s] -- Added test 'uncrustify' to check C / C++ code style
[5.833s] -- Configured uncrustify additional arguments: 
[5.848s] -- Added test 'xmllint' to check XML markup files
[5.896s] -- Configuring done (5.8s)
[7.330s] -- Generating done (1.1s)
[7.964s] -- Build files have been written to: /home/pi/CaveBot-ros/build/image_proc
[8.048s] Invoked command in '/home/pi/CaveBot-ros/build/image_proc' returned '0': AMENT_PREFIX_PATH=/home/pi/CaveBot-ros/install/tracetools_image_pipeline:${AMENT_PREFIX_PATH} CMAKE_PREFIX_PATH=/home/pi/CaveBot-ros/install/tracetools_image_pipeline:/home/pi/CaveBot-ros/install/camera_ros:/opt/ros/jazzy/opt/gz_math_vendor:/opt/ros/jazzy/opt/gz_utils_vendor:/opt/ros/jazzy/opt/gz_cmake_vendor:/opt/ros/jazzy DEBUGINFOD_URLS=https://debuginfod.ubuntu.com LD_LIBRARY_PATH=/home/pi/CaveBot-ros/install/tracetools_image_pipeline/lib:${LD_LIBRARY_PATH} /usr/bin/cmake /home/pi/CaveBot-ros/src/image_pipeline/image_proc -DAMENT_CMAKE_SYMLINK_INSTALL=1 -DCMAKE_INSTALL_PREFIX=/home/pi/CaveBot-ros/install/image_proc
[8.049s] Invoking command in '/home/pi/CaveBot-ros/build/image_proc': AMENT_PREFIX_PATH=/home/pi/CaveBot-ros/install/tracetools_image_pipeline:${AMENT_PREFIX_PATH} CMAKE_PREFIX_PATH=/home/pi/CaveBot-ros/install/tracetools_image_pipeline:/home/pi/CaveBot-ros/install/camera_ros:/opt/ros/jazzy/opt/gz_math_vendor:/opt/ros/jazzy/opt/gz_utils_vendor:/opt/ros/jazzy/opt/gz_cmake_vendor:/opt/ros/jazzy DEBUGINFOD_URLS=https://debuginfod.ubuntu.com LD_LIBRARY_PATH=/home/pi/CaveBot-ros/install/tracetools_image_pipeline/lib:${LD_LIBRARY_PATH} /usr/bin/cmake --build /home/pi/CaveBot-ros/build/image_proc -- -j4 -l4
[8.196s] [  2%] [32mBuilding CXX object CMakeFiles/resize_node.dir/rclcpp_components/node_main_resize_node.cpp.o[0m
[8.304s] [  5%] [32mBuilding CXX object CMakeFiles/image_proc.dir/src/image_proc/processor.cpp.o[0m
[8.359s] [  8%] [32mBuilding CXX object CMakeFiles/rectify_node.dir/rclcpp_components/node_main_rectify_node.cpp.o[0m
[8.374s] [ 11%] [32mBuilding CXX object CMakeFiles/debayer_node.dir/rclcpp_components/node_main_debayer_node.cpp.o[0m
[21.636s] [ 14%] [32m[1mLinking CXX executable rectify_node[0m
[23.799s] [ 14%] Built target rectify_node
[27.575s] [ 17%] [32m[1mLinking CXX shared library libimage_proc.so[0m
[30.519s] [ 17%] Built target image_proc
[31.981s] [ 20%] [32m[1mLinking CXX executable debayer_node[0m
[33.540s] [ 20%] Built target debayer_node
[36.752s] [ 22%] [32m[1mLinking CXX executable resize_node[0m
[37.383s] [ 22%] Built target resize_node
[37.441s] [ 25%] [32mBuilding CXX object CMakeFiles/track_marker_node.dir/rclcpp_components/node_main_track_marker_node.cpp.o[0m
[45.193s] [ 28%] [32m[1mLinking CXX executable track_marker_node[0m
[45.553s] [ 28%] Built target track_marker_node
[45.596s] [ 31%] [32mBuilding CXX object gtest/CMakeFiles/gtest_main.dir/src/gtest_main.cc.o[0m
[47.442s] [ 34%] [32m[1mLinking CXX static library libgtest_main.a[0m
[47.535s] [ 34%] Built target gtest_main
[47.571s] [ 37%] [32mBuilding CXX object gtest/CMakeFiles/gtest.dir/src/gtest-all.cc.o[0m
[54.348s] [ 40%] [32m[1mLinking CXX static library libgtest.a[0m
[54.678s] [ 40%] Built target gtest
[54.717s] [ 42%] [32mBuilding CXX object CMakeFiles/rectify.dir/src/rectify.cpp.o[0m
[59.717s] [01m[K/home/pi/CaveBot-ros/src/image_pipeline/image_proc/src/rectify.cpp:[m[K In lambda function:
[59.717s] [01m[K/home/pi/CaveBot-ros/src/image_pipeline/image_proc/src/rectify.cpp:79:52:[m[K [01;31m[Kerror: [m[Kno matching function for call to â€˜[01m[Kimage_transport::TransportHints::TransportHints(image_proc::RectifyNode&)[m[Kâ€™
[59.717s]    79 |         image_transport::TransportHints hints(*this[01;31m[K)[m[K;
[59.717s]       |                                                    [01;31m[K^[m[K
[59.717s] In file included from [01m[K/opt/ros/jazzy/include/image_transport/image_transport/image_transport.hpp:43[m[K,
[59.717s]                  from [01m[K/home/pi/CaveBot-ros/src/image_pipeline/image_proc/include/image_proc/rectify.hpp:41[m[K,
[59.717s]                  from [01m[K/home/pi/CaveBot-ros/src/image_pipeline/image_proc/src/rectify.cpp:40[m[K:
[59.717s] [01m[K/opt/ros/jazzy/include/image_transport/image_transport/transport_hints.hpp:61:3:[m[K [01;36m[Knote: [m[Kcandidate: â€˜[01m[Kimage_transport::TransportHints::[01;32m[KTransportHints[m[K(const rclcpp::Node*, const std::string&, const std::string&)[m[Kâ€™
[59.718s]    61 |   [01;36m[KTransportHints[m[K(
[59.718s]       |   [01;36m[K^~~~~~~~~~~~~~[m[K
[59.718s] [01m[K/opt/ros/jazzy/include/image_transport/image_transport/transport_hints.hpp:62:26:[m[K [01;36m[Knote: [m[K  no known conversion for argument 1 from â€˜[01m[Kimage_proc::RectifyNode[m[Kâ€™ to â€˜[01m[Kconst rclcpp::Node*[m[Kâ€™
[59.718s]    62 |     [01;36m[Kconst rclcpp::Node * node[m[K,
[59.718s]       |     [01;36m[K~~~~~~~~~~~~~~~~~~~~~^~~~[m[K
[59.718s] [01m[K/opt/ros/jazzy/include/image_transport/image_transport/transport_hints.hpp:45:7:[m[K [01;36m[Knote: [m[Kcandidate: â€˜[01m[Kimage_transport::TransportHints::[01;32m[KTransportHints[m[K(const image_transport::TransportHints&)[m[Kâ€™
[59.718s]    45 | class [01;36m[KTransportHints[m[K
[59.718s]       |       [01;36m[K^~~~~~~~~~~~~~[m[K
[59.718s] [01m[K/opt/ros/jazzy/include/image_transport/image_transport/transport_hints.hpp:45:7:[m[K [01;36m[Knote: [m[K  no known conversion for argument 1 from â€˜[01m[Kimage_proc::RectifyNode[m[Kâ€™ to â€˜[01m[Kconst image_transport::TransportHints&[m[Kâ€™
[59.718s] [01m[K/opt/ros/jazzy/include/image_transport/image_transport/transport_hints.hpp:45:7:[m[K [01;36m[Knote: [m[Kcandidate: â€˜[01m[Kimage_transport::TransportHints::[01;32m[KTransportHints[m[K(image_transport::TransportHints&&)[m[Kâ€™
[59.718s] [01m[K/opt/ros/jazzy/include/image_transport/image_transport/transport_hints.hpp:45:7:[m[K [01;36m[Knote: [m[K  no known conversion for argument 1 from â€˜[01m[Kimage_proc::RectifyNode[m[Kâ€™ to â€˜[01m[Kimage_transport::TransportHints&&[m[Kâ€™
[59.725s] [01m[K/home/pi/CaveBot-ros/src/image_pipeline/image_proc/src/rectify.cpp:81:11:[m[K [01;31m[Kerror: [m[Kcannot convert â€˜[01m[Kimage_proc::RectifyNode[m[Kâ€™ to â€˜[01m[Krclcpp::Node*[m[Kâ€™
[59.725s]    81 |           [01;31m[K*this[m[K, image_topic_, std::bind(
[59.725s]       |           [01;31m[K^~~~~[m[K
[59.725s]       |           [01;31m[K|[m[K
[59.725s]       |           [01;31m[Kimage_proc::RectifyNode[m[K
[59.725s] [01m[K/opt/ros/jazzy/include/image_transport/image_transport/image_transport.hpp:86:18:[m[K [01;36m[Knote: [m[K  initializing argument 1 of â€˜[01m[Kimage_transport::CameraSubscriber image_transport::[01;32m[Kcreate_camera_subscription[m[K(rclcpp::Node*, const std::string&, const CameraSubscriber::Callback&, const std::string&, rmw_qos_profile_t)[m[Kâ€™
[59.725s]    86 |   [01;36m[Krclcpp::Node * node[m[K,
[59.725s]       |   [01;36m[K~~~~~~~~~~~~~~~^~~~[m[K
[59.728s] [01m[K/home/pi/CaveBot-ros/src/image_pipeline/image_proc/src/rectify.cpp:[m[K In constructor â€˜[01m[Kimage_proc::RectifyNode::[01;32m[KRectifyNode[m[K(const rclcpp::NodeOptions&)[m[Kâ€™:
[59.728s] [01m[K/home/pi/CaveBot-ros/src/image_pipeline/image_proc/src/rectify.cpp:89:49:[m[K [01;31m[Kerror: [m[Kcannot convert â€˜[01m[Kimage_proc::RectifyNode[m[Kâ€™ to â€˜[01m[Krclcpp::Node*[m[Kâ€™
[59.728s]    89 |   pub_rect_ = image_transport::create_publisher([01;31m[K*this[m[K, rect_topic, rclcpp::SystemDefaultsQoS(),
[59.728s]       |                                                 [01;31m[K^~~~~[m[K
[59.728s]       |                                                 [01;31m[K|[m[K
[59.728s]       |                                                 [01;31m[Kimage_proc::RectifyNode[m[K
[59.728s] [01m[K/opt/ros/jazzy/include/image_transport/image_transport/image_transport.hpp:54:18:[m[K [01;36m[Knote: [m[K  initializing argument 1 of â€˜[01m[Kimage_transport::Publisher image_transport::[01;32m[Kcreate_publisher[m[K(rclcpp::Node*, const std::string&, rmw_qos_profile_t, rclcpp::PublisherOptions)[m[Kâ€™
[59.728s]    54 |   [01;36m[Krclcpp::Node * node[m[K,
[59.728s]       |   [01;36m[K~~~~~~~~~~~~~~~^~~~[m[K
[62.413s] gmake[2]: *** [CMakeFiles/rectify.dir/build.make:76: CMakeFiles/rectify.dir/src/rectify.cpp.o] Error 1
[62.413s] gmake[1]: *** [CMakeFiles/Makefile2:209: CMakeFiles/rectify.dir/all] Error 2
[62.413s] gmake: *** [Makefile:146: all] Error 2
