-- The C compiler identification is GNU 13.3.0
-- The CXX compiler identification is GNU 13.3.0
-- Detecting C compiler ABI info
-- Detecting C compiler ABI info - done
-- Check for working C compiler: /usr/bin/cc - skipped
-- Detecting C compile features
-- Detecting C compile features - done
-- Detecting CXX compiler ABI info
-- Detecting CXX compiler ABI info - done
-- Check for working CXX compiler: /usr/bin/c++ - skipped
-- Detecting CXX compile features
-- Detecting CXX compile features - done
-- Found ament_cmake_auto: 2.5.4 (/opt/ros/jazzy/share/ament_cmake_auto/cmake)
-- Found Python3: /usr/bin/python3 (found version "3.12.3") found components: Interpreter 
-- Override CMake install command with custom implementation using symlinks instead of copying resources
-- Found camera_info_manager: 5.1.7 (/opt/ros/jazzy/share/camera_info_manager/cmake)
-- Found rosidl_generator_c: 4.6.6 (/opt/ros/jazzy/share/rosidl_generator_c/cmake)
-- Found rosidl_generator_cpp: 4.6.6 (/opt/ros/jazzy/share/rosidl_generator_cpp/cmake)
-- Using all available rosidl_typesupport_c: rosidl_typesupport_fastrtps_c;rosidl_typesupport_introspection_c
-- Using all available rosidl_typesupport_cpp: rosidl_typesupport_fastrtps_cpp;rosidl_typesupport_introspection_cpp
-- Found rmw_implementation_cmake: 7.3.2 (/opt/ros/jazzy/share/rmw_implementation_cmake/cmake)
-- Found rmw_fastrtps_cpp: 8.4.3 (/opt/ros/jazzy/share/rmw_fastrtps_cpp/cmake)
-- Found OpenSSL: /usr/lib/aarch64-linux-gnu/libcrypto.so (found version "3.0.13")  
-- Found FastRTPS: /opt/ros/jazzy/include (Required is at least version "2.13") 
-- Using RMW implementation 'rmw_fastrtps_cpp' as default
-- Setting yaml-cpp_DIR to: '/opt/ros/jazzy/share/yaml_cpp_vendor/cmake/../../../opt/yaml_cpp_vendor/share/cmake/yaml-cpp'
-- Found OpenCV: /usr (found version "4.6.0") found components: core imgcodecs videoio 
-- opencv version 4.6.0
-- Found ament_lint_auto: 0.17.3 (/opt/ros/jazzy/share/ament_lint_auto/cmake)
[0mIn this package, headers install destination is set to `include` by ament_auto_package. It is recommended to install `include/image_publisher` instead and will be the default behavior of ament_auto_package from ROS 2 Kilted Kaiju. On distributions before Kilted, ament_auto_package behaves the same way when you use USE_SCOPED_HEADER_INSTALL_DIR option.[0m
-- Added test 'copyright' to check source files copyright and LICENSE
-- Added test 'cppcheck' to perform static code analysis on C / C++ code
-- Configured cppcheck include dirs: /home/pi/CaveBot-ros/src/image_pipeline/image_publisher/include
-- Configured cppcheck exclude dirs and/or files: 
-- Added test 'cpplint' to check C / C++ code against the Google style
-- Configured cpplint exclude dirs and/or files: 
-- Added test 'flake8' to check Python code syntax and style conventions
-- Configured 'flake8' exclude dirs and/or files: 
-- Added test 'lint_cmake' to check CMake code style
-- Added test 'pep257' to check Python code against some of the docstring style conventions in PEP 257
-- Added test 'uncrustify' to check C / C++ code style
-- Configured uncrustify additional arguments: 
-- Added test 'xmllint' to check XML markup files
-- Configuring done (6.4s)
-- Generating done (0.1s)
-- Build files have been written to: /home/pi/CaveBot-ros/build/image_publisher
[ 25%] [32mBuilding CXX object CMakeFiles/image_publisher.dir/src/image_publisher.cpp.o[0m
[01m[K/home/pi/CaveBot-ros/src/image_pipeline/image_publisher/src/image_publisher.cpp:[m[K In constructor â€˜[01m[Kimage_publisher::ImagePublisher::[01;32m[KImagePublisher[m[K(const rclcpp::NodeOptions&, const std::string&)[m[Kâ€™:
[01m[K/home/pi/CaveBot-ros/src/image_pipeline/image_publisher/src/image_publisher.cpp:69:51:[m[K [01;31m[Kerror: [m[Kcannot convert â€˜[01m[Kimage_publisher::ImagePublisher[m[Kâ€™ to â€˜[01m[Krclcpp::Node*[m[Kâ€™
   69 |   pub_ = image_transport::create_camera_publisher([01;31m[K*this[m[K, topic_name, rclcpp::SystemDefaultsQoS(),
      |                                                   [01;31m[K^~~~~[m[K
      |                                                   [01;31m[K|[m[K
      |                                                   [01;31m[Kimage_publisher::ImagePublisher[m[K
In file included from [01m[K/home/pi/CaveBot-ros/src/image_pipeline/image_publisher/include/image_publisher/image_publisher.hpp:38[m[K,
                 from [01m[K/home/pi/CaveBot-ros/src/image_pipeline/image_publisher/src/image_publisher.cpp:48[m[K:
[01m[K/opt/ros/jazzy/include/image_transport/image_transport/image_transport.hpp:76:18:[m[K [01;36m[Knote: [m[K  initializing argument 1 of â€˜[01m[Kimage_transport::CameraPublisher image_transport::[01;32m[Kcreate_camera_publisher[m[K(rclcpp::Node*, const std::string&, rmw_qos_profile_t, rclcpp::PublisherOptions)[m[Kâ€™
   76 |   [01;36m[Krclcpp::Node * node[m[K,
      |   [01;36m[K~~~~~~~~~~~~~~~^~~~[m[K
[01m[K/home/pi/CaveBot-ros/src/image_pipeline/image_publisher/src/image_publisher.cpp:[m[K In member function â€˜[01m[Kvoid image_publisher::ImagePublisher::[01;32m[KreconfigureCallback[m[K()[m[Kâ€™:
[01m[K/home/pi/CaveBot-ros/src/image_pipeline/image_publisher/src/image_publisher.cpp:147:7:[m[K [01;31m[Kerror: [m[Kno matching function for call to â€˜[01m[Kcamera_info_manager::CameraInfoManager::CameraInfoManager(rclcpp::node_interfaces::NodeBaseInterface::SharedPtr, rclcpp::node_interfaces::NodeServicesInterface::SharedPtr, rclcpp::node_interfaces::NodeLoggingInterface::SharedPtr, const char [7], const char [1], rclcpp::SystemDefaultsQoS, const char [1])[m[Kâ€™
  147 |     ""[01;31m[K)[m[K;
      |       [01;31m[K^[m[K
In file included from [01m[K/home/pi/CaveBot-ros/src/image_pipeline/image_publisher/src/image_publisher.cpp:47[m[K:
[01m[K/opt/ros/jazzy/include/camera_info_manager/camera_info_manager/camera_info_manager.hpp:198:3:[m[K [01;36m[Knote: [m[Kcandidate: â€˜[01m[Kcamera_info_manager::CameraInfoManager::[01;32m[KCameraInfoManager[m[K(rclcpp::node_interfaces::NodeBaseInterface::SharedPtr, rclcpp::node_interfaces::NodeServicesInterface::SharedPtr, rclcpp::node_interfaces::NodeLoggingInterface::SharedPtr, const std::string&, const std::string&, rmw_qos_profile_t)[m[Kâ€™
  198 |   [01;36m[KCameraInfoManager[m[K(
      |   [01;36m[K^~~~~~~~~~~~~~~~~[m[K
[01m[K/opt/ros/jazzy/include/camera_info_manager/camera_info_manager/camera_info_manager.hpp:198:3:[m[K [01;36m[Knote: [m[K  candidate expects 6 arguments, 7 provided
[01m[K/opt/ros/jazzy/include/camera_info_manager/camera_info_manager/camera_info_manager.hpp:192:3:[m[K [01;36m[Knote: [m[Kcandidate: â€˜[01m[Kcamera_info_manager::CameraInfoManager::[01;32m[KCameraInfoManager[m[K(rclcpp_lifecycle::LifecycleNode*, const std::string&, const std::string&)[m[Kâ€™
  192 |   [01;36m[KCameraInfoManager[m[K(
      |   [01;36m[K^~~~~~~~~~~~~~~~~[m[K
[01m[K/opt/ros/jazzy/include/camera_info_manager/camera_info_manager/camera_info_manager.hpp:192:3:[m[K [01;36m[Knote: [m[K  candidate expects 3 arguments, 7 provided
[01m[K/opt/ros/jazzy/include/camera_info_manager/camera_info_manager/camera_info_manager.hpp:186:3:[m[K [01;36m[Knote: [m[Kcandidate: â€˜[01m[Kcamera_info_manager::CameraInfoManager::[01;32m[KCameraInfoManager[m[K(rclcpp::Node*, const std::string&, const std::string&)[m[Kâ€™
  186 |   [01;36m[KCameraInfoManager[m[K(
      |   [01;36m[K^~~~~~~~~~~~~~~~~[m[K
[01m[K/opt/ros/jazzy/include/camera_info_manager/camera_info_manager/camera_info_manager.hpp:186:3:[m[K [01;36m[Knote: [m[K  candidate expects 3 arguments, 7 provided
gmake[2]: *** [CMakeFiles/image_publisher.dir/build.make:76: CMakeFiles/image_publisher.dir/src/image_publisher.cpp.o] Error 1
gmake[1]: *** [CMakeFiles/Makefile2:139: CMakeFiles/image_publisher.dir/all] Error 2
gmake: *** [Makefile:146: all] Error 2
